This is e-upTeX, Version 3.14159265-p3.7-u1.21-160201-2.6 (utf8.uptex) (TeX Live 2016) (preloaded format=uplatex 2017.8.18)  14 OCT 2017 18:56
entering extended mode
 restricted \write18 enabled.
 %&-line parsing enabled.
**animatesinemove.tex
(./animatesinemove.tex
pLaTeX2e <2016/11/29u01> (based on LaTeX2e <2017/01/01> patch level 3)
Babel <3.9r> and hyphenation patterns for 3 language(s) loaded.
(/Applications/kettex/texlive/texmf-dist/tex/uplatex/base/ujarticle.cls
Document Class: ujarticle 2016/11/22 v1.7b-u00 Standard upLaTeX class
\c@@paper=\count82
(/Applications/kettex/texlive/texmf-dist/tex/uplatex/base/ujsize10.clo
File: ujsize10.clo 2016/11/22 v1.7b-u00 Standard upLaTeX file (size option)
LaTeX Font Info:    Font shape `JT2/mc/m/n' will be
(Font)              scaled to size 9.6222pt on input line 28.
LaTeX Font Info:    Font shape `JY2/mc/m/n' will be
(Font)              scaled to size 9.6222pt on input line 28.
)
\c@part=\count83
\c@section=\count84
\c@subsection=\count85
\c@subsubsection=\count86
\c@paragraph=\count87
\c@subparagraph=\count88
\c@figure=\count89
\c@table=\count90
\abovecaptionskip=\skip41
\belowcaptionskip=\skip42
\symmincho=\mathgroup4
LaTeX Font Info:    Overwriting symbol font `mincho' in version `bold'
(Font)                  JY2/mc/m/n --> JY2/gt/m/n on input line 580.
\toclineskip=\dimen118
\@lnumwidth=\dimen119
\bibindent=\dimen120
\heisei=\count91
)
(/Users/takatoosetsuo/ketcindy/ketpicstyle/ketpic.sty
\c@ketpicctra=\count92
\c@ketpicctrb=\count93
\c@ketpicctrc=\count94
\c@ketpicctrd=\count95
\c@ketpicctre=\count96
\c@ketpicctrf=\count97
\c@ketpicctrg=\count98
\c@ketpicctrh=\count99
\c@ketpicctri=\count100
\c@ketpicctrj=\count101
\Width=\skip43
\Height=\skip44
\Depth=\skip45
)
(/Users/takatoosetsuo/ketcindy/ketpicstyle/ketlayer.sty
\layercurrentunit=\skip46
)
(/Applications/kettex/texlive/texmf-dist/tex/latex/amsmath/amsmath.sty
Package: amsmath 2016/11/05 v2.16a AMS math features
\@mathmargin=\skip47

For additional information on amsmath, use the `?' option.
(/Applications/kettex/texlive/texmf-dist/tex/latex/amsmath/amstext.sty
Package: amstext 2000/06/29 v2.01 AMS text

(/Applications/kettex/texlive/texmf-dist/tex/latex/amsmath/amsgen.sty
File: amsgen.sty 1999/11/30 v2.0 generic functions
\@emptytoks=\toks15
\ex@=\dimen121
))
(/Applications/kettex/texlive/texmf-dist/tex/latex/amsmath/amsbsy.sty
Package: amsbsy 1999/11/29 v1.2d Bold Symbols
\pmbraise@=\dimen122
)
(/Applications/kettex/texlive/texmf-dist/tex/latex/amsmath/amsopn.sty
Package: amsopn 2016/03/08 v2.02 operator names
)
\inf@bad=\count102
LaTeX Info: Redefining \frac on input line 213.
\uproot@=\count103
\leftroot@=\count104
LaTeX Info: Redefining \overline on input line 375.
\classnum@=\count105
\DOTSCASE@=\count106
LaTeX Info: Redefining \ldots on input line 472.
LaTeX Info: Redefining \dots on input line 475.
LaTeX Info: Redefining \cdots on input line 596.
\Mathstrutbox@=\box41
\strutbox@=\box42
\big@size=\dimen123
LaTeX Font Info:    Redeclaring font encoding OML on input line 712.
LaTeX Font Info:    Redeclaring font encoding OMS on input line 713.
\macc@depth=\count107
\c@MaxMatrixCols=\count108
\dotsspace@=\muskip10
\c@parentequation=\count109
\dspbrk@lvl=\count110
\tag@help=\toks16
\row@=\count111
\column@=\count112
\maxfields@=\count113
\andhelp@=\toks17
\eqnshift@=\dimen124
\alignsep@=\dimen125
\tagshift@=\dimen126
\tagwidth@=\dimen127
\totwidth@=\dimen128
\lineht@=\dimen129
\@envbody=\toks18
\multlinegap=\skip48
\multlinetaggap=\skip49
\mathdisplay@stack=\toks19
LaTeX Info: Redefining \[ on input line 2817.
LaTeX Info: Redefining \] on input line 2818.
)
(/Applications/kettex/texlive/texmf-dist/tex/latex/amsfonts/amssymb.sty
Package: amssymb 2013/01/14 v3.01 AMS font symbols

(/Applications/kettex/texlive/texmf-dist/tex/latex/amsfonts/amsfonts.sty
Package: amsfonts 2013/01/14 v3.01 Basic AMSFonts support
\symAMSa=\mathgroup5
\symAMSb=\mathgroup6
LaTeX Font Info:    Overwriting math alphabet `\mathfrak' in version `bold'
(Font)                  U/euf/m/n --> U/euf/b/n on input line 106.
))
(/Applications/kettex/texlive/texmf-dist/tex/latex/tools/bm.sty
Package: bm 2017/01/16 v1.2c Bold Symbol Support (DPC/FMi)
\symboldoperators=\mathgroup7
\symboldletters=\mathgroup8
\symboldsymbols=\mathgroup9
\symboldmincho=\mathgroup10
LaTeX Font Info:    Redeclaring math alphabet \mathbf on input line 141.
LaTeX Info: Redefining \bm on input line 207.
)
(/Applications/kettex/texlive/texmf-dist/tex/latex/tools/enumerate.sty
Package: enumerate 2015/07/23 v3.00 enumerate extensions (DPC)
\@enLab=\toks20
)
(/Applications/kettex/texlive/texmf-dist/tex/latex/graphics/graphicx.sty
Package: graphicx 2014/10/28 v1.0g Enhanced LaTeX Graphics (DPC,SPQR)

(/Applications/kettex/texlive/texmf-dist/tex/latex/graphics/keyval.sty
Package: keyval 2014/10/28 v1.15 key=value parser (DPC)
\KV@toks@=\toks21
)
(/Applications/kettex/texlive/texmf-dist/tex/latex/graphics/graphics.sty
Package: graphics 2016/10/09 v1.0u Standard LaTeX Graphics (DPC,SPQR)

(/Applications/kettex/texlive/texmf-dist/tex/latex/graphics/trig.sty
Package: trig 2016/01/03 v1.10 sin cos tan (DPC)
)
(/Applications/kettex/texlive/texmf-dist/tex/latex/graphics-cfg/graphics.cfg
File: graphics.cfg 2016/06/04 v1.11 sample graphics configuration
)
Package graphics Info: Driver file: dvipdfmx.def on input line 99.

(/Applications/kettex/texlive/texmf-dist/tex/latex/graphics-def/dvipdfmx.def
File: dvipdfmx.def 2016/07/11 v4.12 LaTeX color/graphics driver for dvipdfmx (L
3/ChoF)
))
\Gin@req@height=\dimen130
\Gin@req@width=\dimen131
) (/Applications/kettex/texlive/texmf-dist/tex/latex/animate/animate.sty
Package: animate 2017/03/23 PDF animations from files and inline graphics

(/Applications/kettex/texlive/texmf-dist/tex/latex/base/ifthen.sty
Package: ifthen 2014/09/29 v1.1c Standard LaTeX ifthen package (DPC)
)
(/Applications/kettex/texlive/texmf-dist/tex/generic/oberdiek/ifpdf.sty
Package: ifpdf 2017/03/15 v3.2 Provides the ifpdf switch
)
(/Applications/kettex/texlive/texmf-dist/tex/generic/oberdiek/ifluatex.sty
Package: ifluatex 2016/05/16 v1.4 Provides the ifluatex switch (HO)
Package ifluatex Info: LuaTeX not detected.
)
(/Applications/kettex/texlive/texmf-dist/tex/latex/oberdiek/ifdraft.sty
Package: ifdraft 2016/05/16 v1.4 Detect class options draft and final (HO)
)
(/Applications/kettex/texlive/texmf-dist/tex/latex/tools/calc.sty
Package: calc 2014/10/28 v4.3 Infix arithmetic (KKT,FJ)
\calc@Acount=\count114
\calc@Bcount=\count115
\calc@Adimen=\dimen132
\calc@Bdimen=\dimen133
\calc@Askip=\skip50
\calc@Bskip=\skip51
LaTeX Info: Redefining \setlength on input line 80.
LaTeX Info: Redefining \addtolength on input line 81.
\calc@Ccount=\count116
\calc@Cskip=\skip52
)
(/Applications/kettex/texlive/texmf-dist/tex/latex/media9/pdfbase.sty
(/Applications/kettex/texlive/texmf-dist/tex/latex/l3kernel/expl3.sty
Package: expl3 2017/04/01 L3 programming layer (loader) 

(/Applications/kettex/texlive/texmf-dist/tex/latex/l3kernel/expl3-code.tex
Package: expl3 2017/04/01 L3 programming layer (code)
\c_max_int=\count117
\l_tmpa_int=\count118
\l_tmpb_int=\count119
\g_tmpa_int=\count120
\g_tmpb_int=\count121
\g__prg_map_int=\count122
\c_log_iow=\count123
\l_iow_line_count_int=\count124
\l__iow_line_target_int=\count125
\l__iow_one_indent_int=\count126
\l__iow_indent_int=\count127
\c_zero_dim=\dimen134
\c_max_dim=\dimen135
\l_tmpa_dim=\dimen136
\l_tmpb_dim=\dimen137
\g_tmpa_dim=\dimen138
\g_tmpb_dim=\dimen139
\c_zero_skip=\skip53
\c_max_skip=\skip54
\l_tmpa_skip=\skip55
\l_tmpb_skip=\skip56
\g_tmpa_skip=\skip57
\g_tmpb_skip=\skip58
\c_zero_muskip=\muskip11
\c_max_muskip=\muskip12
\l_tmpa_muskip=\muskip13
\l_tmpb_muskip=\muskip14
\g_tmpa_muskip=\muskip15
\g_tmpb_muskip=\muskip16
\l_keys_choice_int=\count128
\c__fp_leading_shift_int=\count129
\c__fp_middle_shift_int=\count130
\c__fp_trailing_shift_int=\count131
\c__fp_big_leading_shift_int=\count132
\c__fp_big_middle_shift_int=\count133
\c__fp_big_trailing_shift_int=\count134
\c__fp_Bigg_leading_shift_int=\count135
\c__fp_Bigg_middle_shift_int=\count136
\c__fp_Bigg_trailing_shift_int=\count137
\l__sort_length_int=\count138
\l__sort_min_int=\count139
\l__sort_top_int=\count140
\l__sort_max_int=\count141
\l__sort_true_max_int=\count142
\l__sort_block_int=\count143
\l__sort_begin_int=\count144
\l__sort_end_int=\count145
\l__sort_A_int=\count146
\l__sort_B_int=\count147
\l__sort_C_int=\count148
\c_empty_box=\box43
\l_tmpa_box=\box44
\l_tmpb_box=\box45
\g_tmpa_box=\box46
\g_tmpb_box=\box47
\l__coffin_internal_box=\box48
\l__coffin_internal_dim=\dimen140
\l__coffin_offset_x_dim=\dimen141
\l__coffin_offset_y_dim=\dimen142
\l__coffin_x_dim=\dimen143
\l__coffin_y_dim=\dimen144
\l__coffin_x_prime_dim=\dimen145
\l__coffin_y_prime_dim=\dimen146
\c_empty_coffin=\box49
\l__coffin_aligned_coffin=\box50
\l__coffin_aligned_internal_coffin=\box51
\l_tmpa_coffin=\box52
\l_tmpb_coffin=\box53
\l__coffin_display_coffin=\box54
\l__coffin_display_coord_coffin=\box55
\l__coffin_display_pole_coffin=\box56
\l__coffin_display_offset_dim=\dimen147
\l__coffin_display_x_dim=\dimen148
\l__coffin_display_y_dim=\dimen149
\l__box_top_dim=\dimen150
\l__box_bottom_dim=\dimen151
\l__box_left_dim=\dimen152
\l__box_right_dim=\dimen153
\l__box_top_new_dim=\dimen154
\l__box_bottom_new_dim=\dimen155
\l__box_left_new_dim=\dimen156
\l__box_right_new_dim=\dimen157
\l__box_internal_box=\box57
\l__coffin_bounding_shift_dim=\dimen158
\l__coffin_left_corner_dim=\dimen159
\l__coffin_right_corner_dim=\dimen160
\l__coffin_bottom_corner_dim=\dimen161
\l__coffin_top_corner_dim=\dimen162
\l__coffin_scaled_total_height_dim=\dimen163
\l__coffin_scaled_width_dim=\dimen164
)
(/Applications/kettex/texlive/texmf-dist/tex/latex/l3kernel/l3dvipdfmx.def
File: l3dvidpfmx.def 2017/03/18 v L3 Experimental driver: dvipdfmx
\l__driver_tmp_box=\box58
))
(/Applications/kettex/texlive/texmf-dist/tex/latex/l3packages/l3keys2e/l3keys2e
.sty
Package: l3keys2e 2017/04/01 LaTeX2e option processing using LaTeX3 keys
)
Package: pdfbase 2017/03/23 v0.15 driver independent access to low-level PDF fe
atures
\g_pbs_page_int=\count149
\g_pbs_obj_int=\count150
\g_pbs_oc_int=\count151
) (/Applications/kettex/texlive/texmf-dist/tex/latex/ocgx2/ocgbase.sty
Package: ocgbase 2017/03/30 v0.10 support package for ocgx2.sty
)
\@anim@box=\box59
\@anim@measbox=\box60
\@anim@tmpdima=\dimen165
\@anim@tmpdimb=\dimen166
\@anim@num=\count152
\@anim@curframe=\count153
\@anim@curframe@zb=\count154
\@anim@resizeflags=\count155
\@anim@skipfram=\count156
\@anim@mulframecnt=\count157
\@anim@@tmlnfile=\read1
\@anim@tmpcnt=\count158
\c@@anim@ltxcnt=\count159
\@anim@curlayer=\count160
\@anim@lineno=\count161
\@anim@curfield=\count162
\@anim@@resizeflags=\count163
)
(/Applications/kettex/texlive/texmf-dist/tex/latex/xcolor/xcolor.sty
Package: xcolor 2016/05/11 v2.12 LaTeX color extensions (UK)

(/Applications/kettex/texlive/texmf-dist/tex/latex/graphics-cfg/color.cfg
File: color.cfg 2016/01/02 v1.6 sample color configuration
)
Package xcolor Info: Driver file: dvips.def on input line 225.

(/Applications/kettex/texlive/texmf-dist/tex/latex/graphics-def/dvips.def
File: dvips.def 2016/07/10 v3.1a Driver-dependent file (DPC,SPQR)
)
Package xcolor Info: Model `cmy' substituted by `cmy0' on input line 1348.
Package xcolor Info: Model `RGB' extended on input line 1364.
Package xcolor Info: Model `HTML' substituted by `rgb' on input line 1366.
Package xcolor Info: Model `Hsb' substituted by `hsb' on input line 1367.
Package xcolor Info: Model `tHsb' substituted by `hsb' on input line 1368.
Package xcolor Info: Model `HSB' substituted by `hsb' on input line 1369.
Package xcolor Info: Model `Gray' substituted by `gray' on input line 1370.
Package xcolor Info: Model `wave' substituted by `hsb' on input line 1371.
)
(/Applications/kettex/texlive/texmf-dist/tex/latex/media9/media9.sty
(/Applications/kettex/texlive/texmf-dist/tex/latex/l3experimental/l3str/l3regex
.sty
Package: l3regex 2017/04/01 L3 Experimental regular expressions

(/Applications/kettex/texlive/texmf-dist/tex/latex/l3experimental/l3str/l3tl-bu
ild.sty
Package: l3tl-build 2017/04/01 L3 Experimental token list construction
\l__tl_build_start_index_int=\count164
\l__tl_build_index_int=\count165
)
(/Applications/kettex/texlive/texmf-dist/tex/latex/l3experimental/l3str/l3tl-an
alysis.sty
Package: l3tl-analysis 2017/04/01 L3 Experimental token list analysis
\l__tl_analysis_normal_int=\count166
\l__tl_analysis_index_int=\count167
\l__tl_analysis_nesting_int=\count168
\l__tl_analysis_type_int=\count169
)
(/Applications/kettex/texlive/texmf-dist/tex/latex/l3experimental/l3str/l3str-c
onvert.sty
Package: l3str-convert 2017/04/01 L3 Experimental string encoding conversions
\l__str_internal_int=\count170
)
\l__regex_internal_a_int=\count171
\l__regex_internal_b_int=\count172
\l__regex_internal_c_int=\count173
\l__regex_balance_int=\count174
\l__regex_group_level_int=\count175
\l__regex_mode_int=\count176
\c__regex_cs_in_class_mode_int=\count177
\c__regex_cs_mode_int=\count178
\l__regex_catcodes_int=\count179
\l__regex_default_catcodes_int=\count180
\c__regex_catcode_L_int=\count181
\c__regex_catcode_O_int=\count182
\c__regex_catcode_A_int=\count183
\c__regex_all_catcodes_int=\count184
\l__regex_show_lines_int=\count185
\l__regex_min_state_int=\count186
\l__regex_max_state_int=\count187
\l__regex_left_state_int=\count188
\l__regex_right_state_int=\count189
\l__regex_capturing_group_int=\count190
\l__regex_min_pos_int=\count191
\l__regex_max_pos_int=\count192
\l__regex_current_pos_int=\count193
\l__regex_start_pos_int=\count194
\l__regex_success_pos_int=\count195
\l__regex_current_char_int=\count196
\l__regex_current_catcode_int=\count197
\l__regex_last_char_int=\count198
\l__regex_case_changed_char_int=\count199
\l__regex_current_state_int=\count266
\l__regex_step_int=\count267
\l__regex_min_active_int=\count268
\l__regex_max_active_int=\count269
\l__regex_replacement_csnames_int=\count270
\l__regex_match_count_int=\count271
\l__regex_submatch_int=\count272
\l__regex_zeroth_submatch_int=\count273
)
(/Applications/kettex/texlive/texmf-dist/tex/latex/l3packages/xparse/xparse.sty
Package: xparse 2017/04/01 L3 Experimental document command parser
\l__xparse_current_arg_int=\count274
\g__xparse_grabber_int=\count275
\l__xparse_m_args_int=\count276
\l__xparse_mandatory_args_int=\count277
\l__xparse_v_nesting_int=\count278
) (/Applications/kettex/texlive/texmf-dist/tex/generic/oberdiek/atbegshi.sty
Package: atbegshi 2016/06/09 v1.18 At begin shipout hook (HO)

(/Applications/kettex/texlive/texmf-dist/tex/generic/oberdiek/infwarerr.sty
Package: infwarerr 2016/05/16 v1.4 Providing info/warning/error messages (HO)
)
(/Applications/kettex/texlive/texmf-dist/tex/generic/oberdiek/ltxcmds.sty
Package: ltxcmds 2016/05/16 v1.23 LaTeX kernel commands for general use (HO)
))
Package: media9 2017/03/23 v0.78 acrobat-9/X compatible media
\g_mix_pkgresizeflag_int=\count279
\l_mix_poster_box=\box61
\g_mix_wd_dim=\dimen167
\g_mix_ht_dim=\dimen168
\g_mix_dp_dim=\dimen169
\g_mix_rmcnt_int=\count280
\l_mix_viewcnt_int=\count281
\g@mix@page@int=\count282
\g_mix_resizeflag_int=\count283
\l_mix_lineno_int=\count284
.................................................
. LaTeX info: "xparse/define-command"
. 
. Defining command \addmediapath with sig. 'm' on line 808.
.................................................
\l_mix_pbtn_box=\box62
\mix@btn@dim=\dimen170
.................................................
. LaTeX info: "xparse/define-command"
. 
. Defining command \includemedia with sig. 'O{}mm' on line 1216.
.................................................
\g_mix_mbtncnt_int=\count285
.................................................
. LaTeX info: "xparse/define-command"
. 
. Defining command \mediabutton with sig. 'O{}m' on line 2418.
.................................................
)
(/Applications/kettex/texlive/texmf-local/tex/latex/ketpicstyle/ketmedia.sty)
(./animatesinemove.aux)
\openout1 = `animatesinemove.aux'.

LaTeX Font Info:    Checking defaults for OML/cmm/m/it on input line 13.
LaTeX Font Info:    ... okay on input line 13.
LaTeX Font Info:    Checking defaults for T1/cmr/m/n on input line 13.
LaTeX Font Info:    ... okay on input line 13.
LaTeX Font Info:    Checking defaults for OT1/cmr/m/n on input line 13.
LaTeX Font Info:    ... okay on input line 13.
LaTeX Font Info:    Checking defaults for OMS/cmsy/m/n on input line 13.
LaTeX Font Info:    ... okay on input line 13.
LaTeX Font Info:    Checking defaults for OMX/cmex/m/n on input line 13.
LaTeX Font Info:    ... okay on input line 13.
LaTeX Font Info:    Checking defaults for U/cmr/m/n on input line 13.
LaTeX Font Info:    ... okay on input line 13.
LaTeX Font Info:    Checking defaults for JY2/mc/m/n on input line 13.
LaTeX Font Info:    ... okay on input line 13.
LaTeX Font Info:    Checking defaults for JT2/mc/m/n on input line 13.
LaTeX Font Info:    ... okay on input line 13.
\AtBeginShipoutBox=\box63
 (./fig/animsinemove.tex
(/Users/takatoosetsuo/ketcindy/ketfiles/ketsample/samples/s07slides/fig/sinemov
e/p001.tex
LaTeX Font Info:    Font shape `JT2/mc/m/n' will be
(Font)              scaled to size 13.85594pt on input line 8.
LaTeX Font Info:    Font shape `JY2/mc/m/n' will be
(Font)              scaled to size 13.85594pt on input line 8.
LaTeX Font Info:    Font shape `JT2/mc/bx/n' in size <14.4> not available
(Font)              Font shape `JT2/gt/m/n' tried instead on input line 8.
LaTeX Font Info:    Font shape `JT2/gt/m/n' will be
(Font)              scaled to size 13.85594pt on input line 8.
LaTeX Font Info:    Font shape `JY2/mc/bx/n' in size <14.4> not available
(Font)              Font shape `JY2/gt/m/n' tried instead on input line 8.
LaTeX Font Info:    Font shape `JY2/gt/m/n' will be
(Font)              scaled to size 13.85594pt on input line 8.
LaTeX Font Info:    Font shape `JT2/mc/bx/n' in size <9> not available
(Font)              Font shape `JT2/gt/m/n' tried instead on input line 9.
LaTeX Font Info:    Font shape `JT2/gt/m/n' will be
(Font)              scaled to size 8.65997pt on input line 9.
LaTeX Font Info:    Font shape `JY2/mc/bx/n' in size <9> not available
(Font)              Font shape `JY2/gt/m/n' tried instead on input line 9.
LaTeX Font Info:    Font shape `JY2/gt/m/n' will be
(Font)              scaled to size 8.65997pt on input line 9.
LaTeX Font Info:    Font shape `JY2/gt/m/n' will be
(Font)              scaled to size 5.77332pt on input line 78.
LaTeX Font Info:    Font shape `JY2/gt/m/n' will be
(Font)              scaled to size 4.8111pt on input line 78.
LaTeX Font Info:    Try loading font information for U+msa on input line 78.
 (/Applications/kettex/texlive/texmf-dist/tex/latex/amsfonts/umsa.fd
File: umsa.fd 2013/01/14 v3.01 AMS symbols A
)
LaTeX Font Info:    Try loading font information for U+msb on input line 78.
(/Applications/kettex/texlive/texmf-dist/tex/latex/amsfonts/umsb.fd
File: umsb.fd 2013/01/14 v3.01 AMS symbols B
)
LaTeX Font Info:    Font shape `JY2/mc/m/n' will be
(Font)              scaled to size 6.73553pt on input line 90.
LaTeX Font Info:    Font shape `JY2/mc/m/n' will be
(Font)              scaled to size 4.8111pt on input line 90.
LaTeX Font Info:    Font shape `JY2/gt/m/n' will be
(Font)              scaled to size 9.6222pt on input line 90.
LaTeX Font Info:    Font shape `JY2/gt/m/n' will be
(Font)              scaled to size 6.73553pt on input line 90.
) <a0,fr0>
(/Users/takatoosetsuo/ketcindy/ketfiles/ketsample/samples/s07slides/fig/sinemov
e/p002.tex) <a0,fr1>
(/Users/takatoosetsuo/ketcindy/ketfiles/ketsample/samples/s07slides/fig/sinemov
e/p003.tex) <a0,fr2>
(/Users/takatoosetsuo/ketcindy/ketfiles/ketsample/samples/s07slides/fig/sinemov
e/p004.tex) <a0,fr3>
(/Users/takatoosetsuo/ketcindy/ketfiles/ketsample/samples/s07slides/fig/sinemov
e/p005.tex) <a0,fr4>
(/Users/takatoosetsuo/ketcindy/ketfiles/ketsample/samples/s07slides/fig/sinemov
e/p006.tex) <a0,fr5>
(/Users/takatoosetsuo/ketcindy/ketfiles/ketsample/samples/s07slides/fig/sinemov
e/p007.tex) <a0,fr6>
(/Users/takatoosetsuo/ketcindy/ketfiles/ketsample/samples/s07slides/fig/sinemov
e/p008.tex) <a0,fr7>
(/Users/takatoosetsuo/ketcindy/ketfiles/ketsample/samples/s07slides/fig/sinemov
e/p009.tex) <a0,fr8>
(/Users/takatoosetsuo/ketcindy/ketfiles/ketsample/samples/s07slides/fig/sinemov
e/p010.tex) <a0,fr9>
(/Users/takatoosetsuo/ketcindy/ketfiles/ketsample/samples/s07slides/fig/sinemov
e/p011.tex) <a0,fr10>
(/Users/takatoosetsuo/ketcindy/ketfiles/ketsample/samples/s07slides/fig/sinemov
e/p012.tex) <a0,fr11>
(/Users/takatoosetsuo/ketcindy/ketfiles/ketsample/samples/s07slides/fig/sinemov
e/p013.tex) <a0,fr12>
(/Users/takatoosetsuo/ketcindy/ketfiles/ketsample/samples/s07slides/fig/sinemov
e/p014.tex) <a0,fr13>
(/Users/takatoosetsuo/ketcindy/ketfiles/ketsample/samples/s07slides/fig/sinemov
e/p015.tex) <a0,fr14>
(/Users/takatoosetsuo/ketcindy/ketfiles/ketsample/samples/s07slides/fig/sinemov
e/p016.tex) <a0,fr15>
(/Users/takatoosetsuo/ketcindy/ketfiles/ketsample/samples/s07slides/fig/sinemov
e/p017.tex) <a0,fr16>
(/Users/takatoosetsuo/ketcindy/ketfiles/ketsample/samples/s07slides/fig/sinemov
e/p018.tex) <a0,fr17>
(/Users/takatoosetsuo/ketcindy/ketfiles/ketsample/samples/s07slides/fig/sinemov
e/p019.tex) <a0,fr18>
(/Users/takatoosetsuo/ketcindy/ketfiles/ketsample/samples/s07slides/fig/sinemov
e/p020.tex) <a0,fr19>
(/Users/takatoosetsuo/ketcindy/ketfiles/ketsample/samples/s07slides/fig/sinemov
e/p021.tex) <a0,fr20>
(/Users/takatoosetsuo/ketcindy/ketfiles/ketsample/samples/s07slides/fig/sinemov
e/p022.tex) <a0,fr21>
(/Users/takatoosetsuo/ketcindy/ketfiles/ketsample/samples/s07slides/fig/sinemov
e/p023.tex) <a0,fr22>
(/Users/takatoosetsuo/ketcindy/ketfiles/ketsample/samples/s07slides/fig/sinemov
e/p024.tex) <a0,fr23>
(/Users/takatoosetsuo/ketcindy/ketfiles/ketsample/samples/s07slides/fig/sinemov
e/p025.tex) <a0,fr24>
(/Users/takatoosetsuo/ketcindy/ketfiles/ketsample/samples/s07slides/fig/sinemov
e/p026.tex) <a0,fr25>
(/Users/takatoosetsuo/ketcindy/ketfiles/ketsample/samples/s07slides/fig/sinemov
e/p027.tex) <a0,fr26>
(/Users/takatoosetsuo/ketcindy/ketfiles/ketsample/samples/s07slides/fig/sinemov
e/p028.tex) <a0,fr27>
(/Users/takatoosetsuo/ketcindy/ketfiles/ketsample/samples/s07slides/fig/sinemov
e/p029.tex) <a0,fr28>
(/Users/takatoosetsuo/ketcindy/ketfiles/ketsample/samples/s07slides/fig/sinemov
e/p030.tex) <a0,fr29>
(/Users/takatoosetsuo/ketcindy/ketfiles/ketsample/samples/s07slides/fig/sinemov
e/p031.tex) <a0,fr30>) [1

] (./animatesinemove.aux) ) 
Here is how much of TeX's memory you used:
 12651 strings out of 495145
 244889 string characters out of 6183910
 496947 words of memory out of 5000000
 15910 multiletter control sequences out of 15000+600000
 15144 words of font info for 69 fonts, out of 8000000 for 9000
 14 hyphenation exceptions out of 8191
 40i,8n,57p,10417b,382s stack positions out of 5000i,500n,10000p,200000b,80000s

Output written on animatesinemove.dvi (1 page, 135920 bytes).
