This is e-upTeX, Version 3.14159265-p3.7-u1.21-160201-2.6 (utf8.uptex) (TeX Live 2016) (preloaded format=uplatex 2017.8.18)  24 AUG 2017 14:36
entering extended mode
 restricted \write18 enabled.
 %&-line parsing enabled.
**s0705thin.tex
(./s0705thin.tex
pLaTeX2e <2016/11/29u01> (based on LaTeX2e <2017/01/01> patch level 3)
Babel <3.9r> and hyphenation patterns for 3 language(s) loaded.
(/Applications/kettex/texlive/texmf-dist/tex/uplatex/base/ujarticle.cls
Document Class: ujarticle 2016/11/22 v1.7b-u00 Standard upLaTeX class
\c@@paper=\count82
(/Applications/kettex/texlive/texmf-dist/tex/uplatex/base/ujsize10.clo
File: ujsize10.clo 2016/11/22 v1.7b-u00 Standard upLaTeX file (size option)
LaTeX Font Info:    Font shape `JT2/mc/m/n' will be
(Font)              scaled to size 9.6222pt on input line 28.
LaTeX Font Info:    Font shape `JY2/mc/m/n' will be
(Font)              scaled to size 9.6222pt on input line 28.
)
\c@part=\count83
\c@section=\count84
\c@subsection=\count85
\c@subsubsection=\count86
\c@paragraph=\count87
\c@subparagraph=\count88
\c@figure=\count89
\c@table=\count90
\abovecaptionskip=\skip41
\belowcaptionskip=\skip42
\symmincho=\mathgroup4
LaTeX Font Info:    Overwriting symbol font `mincho' in version `bold'
(Font)                  JY2/mc/m/n --> JY2/gt/m/n on input line 580.
\toclineskip=\dimen118
\@lnumwidth=\dimen119
\bibindent=\dimen120
\heisei=\count91
)
(/Users/takatoosetsuo/ketcindy/ketpicstyle/ketpic.sty
\c@ketpicctra=\count92
\c@ketpicctrb=\count93
\c@ketpicctrc=\count94
\c@ketpicctrd=\count95
\c@ketpicctre=\count96
\c@ketpicctrf=\count97
\c@ketpicctrg=\count98
\c@ketpicctrh=\count99
\c@ketpicctri=\count100
\c@ketpicctrj=\count101
\Width=\skip43
\Height=\skip44
\Depth=\skip45
)
(/Users/takatoosetsuo/ketcindy/ketpicstyle/ketlayer.sty
\layercurrentunit=\skip46
)
(/Users/takatoosetsuo/ketcindy/ketpicstyle/ketslide.sty)
(/Applications/kettex/texlive/texmf-dist/tex/latex/amsmath/amsmath.sty
Package: amsmath 2016/11/05 v2.16a AMS math features
\@mathmargin=\skip47

For additional information on amsmath, use the `?' option.
(/Applications/kettex/texlive/texmf-dist/tex/latex/amsmath/amstext.sty
Package: amstext 2000/06/29 v2.01 AMS text

(/Applications/kettex/texlive/texmf-dist/tex/latex/amsmath/amsgen.sty
File: amsgen.sty 1999/11/30 v2.0 generic functions
\@emptytoks=\toks15
\ex@=\dimen121
))
(/Applications/kettex/texlive/texmf-dist/tex/latex/amsmath/amsbsy.sty
Package: amsbsy 1999/11/29 v1.2d Bold Symbols
\pmbraise@=\dimen122
)
(/Applications/kettex/texlive/texmf-dist/tex/latex/amsmath/amsopn.sty
Package: amsopn 2016/03/08 v2.02 operator names
)
\inf@bad=\count102
LaTeX Info: Redefining \frac on input line 213.
\uproot@=\count103
\leftroot@=\count104
LaTeX Info: Redefining \overline on input line 375.
\classnum@=\count105
\DOTSCASE@=\count106
LaTeX Info: Redefining \ldots on input line 472.
LaTeX Info: Redefining \dots on input line 475.
LaTeX Info: Redefining \cdots on input line 596.
\Mathstrutbox@=\box41
\strutbox@=\box42
\big@size=\dimen123
LaTeX Font Info:    Redeclaring font encoding OML on input line 712.
LaTeX Font Info:    Redeclaring font encoding OMS on input line 713.
\macc@depth=\count107
\c@MaxMatrixCols=\count108
\dotsspace@=\muskip10
\c@parentequation=\count109
\dspbrk@lvl=\count110
\tag@help=\toks16
\row@=\count111
\column@=\count112
\maxfields@=\count113
\andhelp@=\toks17
\eqnshift@=\dimen124
\alignsep@=\dimen125
\tagshift@=\dimen126
\tagwidth@=\dimen127
\totwidth@=\dimen128
\lineht@=\dimen129
\@envbody=\toks18
\multlinegap=\skip48
\multlinetaggap=\skip49
\mathdisplay@stack=\toks19
LaTeX Info: Redefining \[ on input line 2817.
LaTeX Info: Redefining \] on input line 2818.
)
(/Applications/kettex/texlive/texmf-dist/tex/latex/amsfonts/amssymb.sty
Package: amssymb 2013/01/14 v3.01 AMS font symbols

(/Applications/kettex/texlive/texmf-dist/tex/latex/amsfonts/amsfonts.sty
Package: amsfonts 2013/01/14 v3.01 Basic AMSFonts support
\symAMSa=\mathgroup5
\symAMSb=\mathgroup6
LaTeX Font Info:    Overwriting math alphabet `\mathfrak' in version `bold'
(Font)                  U/euf/m/n --> U/euf/b/n on input line 106.
))
(/Applications/kettex/texlive/texmf-dist/tex/latex/tools/bm.sty
Package: bm 2017/01/16 v1.2c Bold Symbol Support (DPC/FMi)
\symboldoperators=\mathgroup7
\symboldletters=\mathgroup8
\symboldsymbols=\mathgroup9
\symboldmincho=\mathgroup10
LaTeX Font Info:    Redeclaring math alphabet \mathbf on input line 141.
LaTeX Info: Redefining \bm on input line 207.
)
(/Applications/kettex/texlive/texmf-dist/tex/latex/tools/enumerate.sty
Package: enumerate 2015/07/23 v3.00 enumerate extensions (DPC)
\@enLab=\toks20
)
(/Applications/kettex/texlive/texmf-dist/tex/latex/graphics/graphicx.sty
Package: graphicx 2014/10/28 v1.0g Enhanced LaTeX Graphics (DPC,SPQR)

(/Applications/kettex/texlive/texmf-dist/tex/latex/graphics/keyval.sty
Package: keyval 2014/10/28 v1.15 key=value parser (DPC)
\KV@toks@=\toks21
)
(/Applications/kettex/texlive/texmf-dist/tex/latex/graphics/graphics.sty
Package: graphics 2016/10/09 v1.0u Standard LaTeX Graphics (DPC,SPQR)

(/Applications/kettex/texlive/texmf-dist/tex/latex/graphics/trig.sty
Package: trig 2016/01/03 v1.10 sin cos tan (DPC)
)
(/Applications/kettex/texlive/texmf-dist/tex/latex/graphics-cfg/graphics.cfg
File: graphics.cfg 2016/06/04 v1.11 sample graphics configuration
)
Package graphics Info: Driver file: dvipdfmx.def on input line 99.

(/Applications/kettex/texlive/texmf-dist/tex/latex/graphics-def/dvipdfmx.def
File: dvipdfmx.def 2016/07/11 v4.12 LaTeX color/graphics driver for dvipdfmx (L
3/ChoF)
))
\Gin@req@height=\dimen130
\Gin@req@width=\dimen131
) (/Applications/kettex/texlive/texmf-dist/tex/latex/xcolor/xcolor.sty
Package: xcolor 2016/05/11 v2.12 LaTeX color extensions (UK)

(/Applications/kettex/texlive/texmf-dist/tex/latex/graphics-cfg/color.cfg
File: color.cfg 2016/01/02 v1.6 sample color configuration
)
Package xcolor Info: Driver file: dvips.def on input line 225.

(/Applications/kettex/texlive/texmf-dist/tex/latex/graphics-def/dvips.def
File: dvips.def 2016/07/10 v3.1a Driver-dependent file (DPC,SPQR)
)
Package xcolor Info: Model `cmy' substituted by `cmy0' on input line 1348.
Package xcolor Info: Model `RGB' extended on input line 1364.
Package xcolor Info: Model `HTML' substituted by `rgb' on input line 1366.
Package xcolor Info: Model `Hsb' substituted by `hsb' on input line 1367.
Package xcolor Info: Model `tHsb' substituted by `hsb' on input line 1368.
Package xcolor Info: Model `HSB' substituted by `hsb' on input line 1369.
Package xcolor Info: Model `Gray' substituted by `gray' on input line 1370.
Package xcolor Info: Model `wave' substituted by `hsb' on input line 1371.
)
(/Applications/kettex/texlive/texmf-dist/tex/latex/hyperref/hyperref.sty
Package: hyperref 2017/03/14 v6.85a Hypertext links for LaTeX

(/Applications/kettex/texlive/texmf-dist/tex/generic/oberdiek/hobsub-hyperref.s
ty
Package: hobsub-hyperref 2016/05/16 v1.14 Bundle oberdiek, subset hyperref (HO)


(/Applications/kettex/texlive/texmf-dist/tex/generic/oberdiek/hobsub-generic.st
y
Package: hobsub-generic 2016/05/16 v1.14 Bundle oberdiek, subset generic (HO)
Package: hobsub 2016/05/16 v1.14 Construct package bundles (HO)
Package: infwarerr 2016/05/16 v1.4 Providing info/warning/error messages (HO)
Package: ltxcmds 2016/05/16 v1.23 LaTeX kernel commands for general use (HO)
Package: ifluatex 2016/05/16 v1.4 Provides the ifluatex switch (HO)
Package ifluatex Info: LuaTeX not detected.
Package: ifvtex 2016/05/16 v1.6 Detect VTeX and its facilities (HO)
Package ifvtex Info: VTeX not detected.
Package: intcalc 2016/05/16 v1.2 Expandable calculations with integers (HO)
Package: ifpdf 2017/03/15 v3.2 Provides the ifpdf switch
Package: etexcmds 2016/05/16 v1.6 Avoid name clashes with e-TeX commands (HO)
Package etexcmds Info: Could not find \expanded.
(etexcmds)             That can mean that you are not using pdfTeX 1.50 or
(etexcmds)             that some package has redefined \expanded.
(etexcmds)             In the latter case, load this package earlier.
Package: kvsetkeys 2016/05/16 v1.17 Key value parser (HO)
Package: kvdefinekeys 2016/05/16 v1.4 Define keys (HO)
Package: pdftexcmds 2017/03/19 v0.25 Utility functions of pdfTeX for LuaTeX (HO
)
Package pdftexcmds Info: LuaTeX not detected.
Package pdftexcmds Info: pdfTeX >= 1.30 not detected.
Package pdftexcmds Info: \pdf@primitive is available.
Package pdftexcmds Info: \pdf@ifprimitive is available.
Package pdftexcmds Info: \pdfdraftmode not found.
Package: pdfescape 2016/05/16 v1.14 Implements pdfTeX's escape features (HO)
Package: bigintcalc 2016/05/16 v1.4 Expandable calculations on big integers (HO
)
Package: bitset 2016/05/16 v1.2 Handle bit-vector datatype (HO)
Package: uniquecounter 2016/05/16 v1.3 Provide unlimited unique counter (HO)
)
Package hobsub Info: Skipping package `hobsub' (already loaded).
Package: letltxmacro 2016/05/16 v1.5 Let assignment for LaTeX macros (HO)
Package: hopatch 2016/05/16 v1.3 Wrapper for package hooks (HO)
Package: xcolor-patch 2016/05/16 xcolor patch
Package: atveryend 2016/05/16 v1.9 Hooks at the very end of document (HO)
Package atveryend Info: \enddocument detected (standard20110627).
Package: atbegshi 2016/06/09 v1.18 At begin shipout hook (HO)
Package: refcount 2016/05/16 v3.5 Data extraction from label references (HO)
Package: hycolor 2016/05/16 v1.8 Color options for hyperref/bookmark (HO)
) (/Applications/kettex/texlive/texmf-dist/tex/generic/ifxetex/ifxetex.sty
Package: ifxetex 2010/09/12 v0.6 Provides ifxetex conditional
)
(/Applications/kettex/texlive/texmf-dist/tex/latex/oberdiek/auxhook.sty
Package: auxhook 2016/05/16 v1.4 Hooks for auxiliary files (HO)
)
(/Applications/kettex/texlive/texmf-dist/tex/latex/oberdiek/kvoptions.sty
Package: kvoptions 2016/05/16 v3.12 Key value format for package options (HO)
)
\@linkdim=\dimen132
\Hy@linkcounter=\count114
\Hy@pagecounter=\count115

(/Applications/kettex/texlive/texmf-dist/tex/latex/hyperref/pd1enc.def
File: pd1enc.def 2017/03/14 v6.85a Hyperref: PDFDocEncoding definition (HO)
)
\Hy@SavedSpaceFactor=\count116

(/Applications/kettex/texlive/texmf-dist/tex/latex/latexconfig/hyperref.cfg
File: hyperref.cfg 2002/06/06 v1.2 hyperref configuration of TeXLive
)
Package hyperref Info: Option `colorlinks' set `true' on input line 4374.
Package hyperref Info: Hyper figures OFF on input line 4498.
Package hyperref Info: Link nesting OFF on input line 4503.
Package hyperref Info: Hyper index ON on input line 4506.
Package hyperref Info: Plain pages OFF on input line 4513.
Package hyperref Info: Backreferencing OFF on input line 4518.
Package hyperref Info: Implicit mode ON; LaTeX internals redefined.
Package hyperref Info: Bookmarks ON on input line 4751.
\c@Hy@tempcnt=\count117

(/Applications/kettex/texlive/texmf-dist/tex/latex/url/url.sty
\Urlmuskip=\muskip11
Package: url 2013/09/16  ver 3.4  Verb mode for urls, etc.
)
LaTeX Info: Redefining \url on input line 5104.
\XeTeXLinkMargin=\dimen133
\Fld@menulength=\count118
\Field@Width=\dimen134
\Fld@charsize=\dimen135
Package hyperref Info: Hyper figures OFF on input line 6358.
Package hyperref Info: Link nesting OFF on input line 6363.
Package hyperref Info: Hyper index ON on input line 6366.
Package hyperref Info: backreferencing OFF on input line 6373.
Package hyperref Info: Link coloring ON on input line 6376.
Package hyperref Info: Link coloring with OCG OFF on input line 6383.
Package hyperref Info: PDF/A mode OFF on input line 6388.
LaTeX Info: Redefining \ref on input line 6428.
LaTeX Info: Redefining \pageref on input line 6432.
\Hy@abspage=\count119
\c@Item=\count120
\c@Hfootnote=\count121
)

Package hyperref Message: Driver: hdvipdfm.

(/Applications/kettex/texlive/texmf-dist/tex/latex/hyperref/hdvipdfm.def
File: hdvipdfm.def 2017/03/14 v6.85a Hyperref driver for dvipdfm
\pdfm@box=\box43
\c@Hy@AnnotLevel=\count122
\HyField@AnnotCount=\count123
\Fld@listcount=\count124
\c@bookmark@seq@number=\count125

(/Applications/kettex/texlive/texmf-dist/tex/latex/oberdiek/rerunfilecheck.sty
Package: rerunfilecheck 2016/05/16 v1.8 Rerun checks for auxiliary files (HO)
Package uniquecounter Info: New unique counter `rerunfilecheck' on input line 2
82.
)
\Hy@SectionHShift=\skip50
) (./s0705thin.aux)
\openout1 = `s0705thin.aux'.

LaTeX Font Info:    Checking defaults for OML/cmm/m/it on input line 24.
LaTeX Font Info:    ... okay on input line 24.
LaTeX Font Info:    Checking defaults for T1/cmr/m/n on input line 24.
LaTeX Font Info:    ... okay on input line 24.
LaTeX Font Info:    Checking defaults for OT1/cmr/m/n on input line 24.
LaTeX Font Info:    ... okay on input line 24.
LaTeX Font Info:    Checking defaults for OMS/cmsy/m/n on input line 24.
LaTeX Font Info:    ... okay on input line 24.
LaTeX Font Info:    Checking defaults for OMX/cmex/m/n on input line 24.
LaTeX Font Info:    ... okay on input line 24.
LaTeX Font Info:    Checking defaults for U/cmr/m/n on input line 24.
LaTeX Font Info:    ... okay on input line 24.
LaTeX Font Info:    Checking defaults for JY2/mc/m/n on input line 24.
LaTeX Font Info:    ... okay on input line 24.
LaTeX Font Info:    Checking defaults for JT2/mc/m/n on input line 24.
LaTeX Font Info:    ... okay on input line 24.
LaTeX Font Info:    Checking defaults for PD1/pdf/m/n on input line 24.
LaTeX Font Info:    ... okay on input line 24.
\AtBeginShipoutBox=\box44
Package hyperref Info: Link coloring ON on input line 24.

(/Applications/kettex/texlive/texmf-dist/tex/latex/hyperref/nameref.sty
Package: nameref 2016/05/21 v2.44 Cross-referencing by name of section

(/Applications/kettex/texlive/texmf-dist/tex/generic/oberdiek/gettitlestring.st
y
Package: gettitlestring 2016/05/16 v1.5 Cleanup title references (HO)
)
\c@section@level=\count126
)
LaTeX Info: Redefining \ref on input line 24.
LaTeX Info: Redefining \pageref on input line 24.
LaTeX Info: Redefining \nameref on input line 24.
 (./s0705thin.out) (./s0705thin.out)
\@outlinefile=\write3
\openout3 = `s0705thin.out'.

 (./fig/slide0.tex
LaTeX Font Info:    Font shape `JT2/mc/m/n' will be
(Font)              scaled to size 13.85594pt on input line 1.
LaTeX Font Info:    Font shape `JY2/mc/m/n' will be
(Font)              scaled to size 13.85594pt on input line 1.
LaTeX Font Info:    Font shape `JT2/mc/bx/n' in size <14.4> not available
(Font)              Font shape `JT2/gt/m/n' tried instead on input line 1.
LaTeX Font Info:    Font shape `JT2/gt/m/n' will be
(Font)              scaled to size 13.85594pt on input line 1.
LaTeX Font Info:    Font shape `JY2/mc/bx/n' in size <14.4> not available
(Font)              Font shape `JY2/gt/m/n' tried instead on input line 1.
LaTeX Font Info:    Font shape `JY2/gt/m/n' will be
(Font)              scaled to size 13.85594pt on input line 1.
LaTeX Font Info:    Font shape `JT2/mc/bx/n' in size <24.88> not available
(Font)              Font shape `JT2/gt/m/n' tried instead on input line 5.
LaTeX Font Info:    Font shape `JT2/gt/m/n' will be
(Font)              scaled to size 23.94002pt on input line 5.
LaTeX Font Info:    Font shape `JY2/mc/bx/n' in size <24.88> not available
(Font)              Font shape `JY2/gt/m/n' tried instead on input line 5.
LaTeX Font Info:    Font shape `JY2/gt/m/n' will be
(Font)              scaled to size 23.94002pt on input line 5.
) (./fig/slide0.tex)
(./fig/slide0.tex) (./fig/slide0.tex) [0

]
Overfull \vbox (6.44444pt too high) has occurred while \output is active []


[1]
LaTeX Font Info:    Try loading font information for OMS+cmr on input line 67.
 (/Applications/kettex/texlive/texmf-dist/tex/latex/base/omscmr.fd
File: omscmr.fd 2014/09/29 v2.5h Standard LaTeX font definitions
)
LaTeX Font Info:    Font shape `OMS/cmr/bx/n' in size <14.4> not available
(Font)              Font shape `OMS/cmsy/b/n' tried instead on input line 67.

Overfull \vbox (6.44444pt too high) has occurred while \output is active []


[2]
Overfull \vbox (6.44444pt too high) has occurred while \output is active []


[3]
Overfull \vbox (6.44444pt too high) has occurred while \output is active []


[3]
Overfull \vbox (6.44444pt too high) has occurred while \output is active []


[3]
LaTeX Font Info:    Font shape `JY2/gt/m/n' will be
(Font)              scaled to size 9.6222pt on input line 126.
LaTeX Font Info:    Font shape `JY2/gt/m/n' will be
(Font)              scaled to size 6.73553pt on input line 126.
LaTeX Font Info:    Try loading font information for U+msa on input line 126.
 (/Applications/kettex/texlive/texmf-dist/tex/latex/amsfonts/umsa.fd
File: umsa.fd 2013/01/14 v3.01 AMS symbols A
)
LaTeX Font Info:    Try loading font information for U+msb on input line 126.

(/Applications/kettex/texlive/texmf-dist/tex/latex/amsfonts/umsb.fd
File: umsb.fd 2013/01/14 v3.01 AMS symbols B
)
Overfull \vbox (6.44444pt too high) has occurred while \output is active []


[4]
Overfull \vbox (6.44444pt too high) has occurred while \output is active []


[4]
Overfull \vbox (6.44444pt too high) has occurred while \output is active []


[4]
Overfull \vbox (6.44444pt too high) has occurred while \output is active []


[4]
Overfull \vbox (6.44444pt too high) has occurred while \output is active []


[5]
Overfull \vbox (6.44444pt too high) has occurred while \output is active []


[5]
Overfull \vbox (6.44444pt too high) has occurred while \output is active []


[5]
Overfull \vbox (6.44444pt too high) has occurred while \output is active []


[5]
Overfull \vbox (6.44444pt too high) has occurred while \output is active []


[5]
Overfull \vbox (6.44444pt too high) has occurred while \output is active []


[6]
LaTeX Font Info:    Font shape `JT2/mc/bx/n' in size <7> not available
(Font)              Font shape `JT2/gt/m/n' tried instead on input line 324.
LaTeX Font Info:    Font shape `JT2/gt/m/n' will be
(Font)              scaled to size 6.73553pt on input line 324.
LaTeX Font Info:    Font shape `JY2/mc/bx/n' in size <7> not available
(Font)              Font shape `JY2/gt/m/n' tried instead on input line 324.
LaTeX Font Info:    Font shape `JY2/gt/m/n' will be
(Font)              scaled to size 6.73553pt on input line 324.
LaTeX Font Info:    Font shape `JY2/gt/m/n' will be
(Font)              scaled to size 4.8111pt on input line 324.

Overfull \vbox (6.44444pt too high) has occurred while \output is active []


[7]
Overfull \vbox (6.44444pt too high) has occurred while \output is active []


[7]
Overfull \vbox (6.44444pt too high) has occurred while \output is active []


[7] (./fig/pointoncircle/p001.tex
LaTeX Font Info:    Font shape `JT2/mc/bx/n' in size <9> not available
(Font)              Font shape `JT2/gt/m/n' tried instead on input line 8.
LaTeX Font Info:    Font shape `JT2/gt/m/n' will be
(Font)              scaled to size 8.65997pt on input line 8.
LaTeX Font Info:    Font shape `JY2/mc/bx/n' in size <9> not available
(Font)              Font shape `JY2/gt/m/n' tried instead on input line 8.
LaTeX Font Info:    Font shape `JY2/gt/m/n' will be
(Font)              scaled to size 8.65997pt on input line 8.
LaTeX Font Info:    Font shape `JY2/gt/m/n' will be
(Font)              scaled to size 5.77332pt on input line 22.
) (./fig/pointoncircle/p001.tex)
(./fig/pointoncircle/p001.tex) (./fig/pointoncircle/p001.tex)
Overfull \vbox (6.44444pt too high) has occurred while \output is active []


[8] (./fig/pointoncircle/p002.tex) (./fig/pointoncircle/p002.tex)
(./fig/pointoncircle/p002.tex) (./fig/pointoncircle/p002.tex)
Overfull \vbox (6.44444pt too high) has occurred while \output is active []


[8] (./fig/pointoncircle/p003.tex) (./fig/pointoncircle/p003.tex)
(./fig/pointoncircle/p003.tex) (./fig/pointoncircle/p003.tex)
Overfull \vbox (6.44444pt too high) has occurred while \output is active []


[8] (./fig/pointoncircle/p004.tex) (./fig/pointoncircle/p004.tex)
(./fig/pointoncircle/p004.tex) (./fig/pointoncircle/p004.tex)
Overfull \vbox (6.44444pt too high) has occurred while \output is active []


[8] (./fig/pointoncircle/p005.tex) (./fig/pointoncircle/p005.tex)
(./fig/pointoncircle/p005.tex) (./fig/pointoncircle/p005.tex)
Overfull \vbox (6.44444pt too high) has occurred while \output is active []


[8] (./fig/pointoncircle/p006.tex) (./fig/pointoncircle/p006.tex)
(./fig/pointoncircle/p006.tex) (./fig/pointoncircle/p006.tex)
Overfull \vbox (6.44444pt too high) has occurred while \output is active []


[8] (./fig/pointoncircle/p007.tex) (./fig/pointoncircle/p007.tex)
(./fig/pointoncircle/p007.tex) (./fig/pointoncircle/p007.tex)
Overfull \vbox (6.44444pt too high) has occurred while \output is active []


[8] (./fig/pointoncircle/p008.tex) (./fig/pointoncircle/p008.tex)
(./fig/pointoncircle/p008.tex) (./fig/pointoncircle/p008.tex)
Overfull \vbox (6.44444pt too high) has occurred while \output is active []


[8] (./fig/pointoncircle/p009.tex) (./fig/pointoncircle/p009.tex)
(./fig/pointoncircle/p009.tex) (./fig/pointoncircle/p009.tex)
Overfull \vbox (6.44444pt too high) has occurred while \output is active []


[8] (./fig/pointoncircle/p010.tex) (./fig/pointoncircle/p010.tex)
(./fig/pointoncircle/p010.tex) (./fig/pointoncircle/p010.tex)
Overfull \vbox (6.44444pt too high) has occurred while \output is active []


[8] (./fig/pointoncircle/p011.tex) (./fig/pointoncircle/p011.tex)
(./fig/pointoncircle/p011.tex) (./fig/pointoncircle/p011.tex)
Overfull \vbox (6.44444pt too high) has occurred while \output is active []


[8] (./fig/pointoncircle/p012.tex) (./fig/pointoncircle/p012.tex)
(./fig/pointoncircle/p012.tex) (./fig/pointoncircle/p012.tex)
Overfull \vbox (6.44444pt too high) has occurred while \output is active []


[8] (./fig/pointoncircle/p013.tex) (./fig/pointoncircle/p013.tex)
(./fig/pointoncircle/p013.tex) (./fig/pointoncircle/p013.tex)
Overfull \vbox (6.44444pt too high) has occurred while \output is active []


[8] (./fig/pointoncircle/p014.tex) (./fig/pointoncircle/p014.tex)
(./fig/pointoncircle/p014.tex) (./fig/pointoncircle/p014.tex)
Overfull \vbox (6.44444pt too high) has occurred while \output is active []


[8] (./fig/pointoncircle/p015.tex) (./fig/pointoncircle/p015.tex)
(./fig/pointoncircle/p015.tex) (./fig/pointoncircle/p015.tex)
Overfull \vbox (6.44444pt too high) has occurred while \output is active []


[8] (./fig/pointoncircle/p016.tex) (./fig/pointoncircle/p016.tex)
(./fig/pointoncircle/p016.tex) (./fig/pointoncircle/p016.tex)
Overfull \vbox (6.44444pt too high) has occurred while \output is active []


[8] (./fig/pointoncircle/p017.tex) (./fig/pointoncircle/p017.tex)
(./fig/pointoncircle/p017.tex) (./fig/pointoncircle/p017.tex)
Overfull \vbox (6.44444pt too high) has occurred while \output is active []


[8] (./fig/pointoncircle/p018.tex) (./fig/pointoncircle/p018.tex)
(./fig/pointoncircle/p018.tex) (./fig/pointoncircle/p018.tex)
Overfull \vbox (6.44444pt too high) has occurred while \output is active []


[8] (./fig/pointoncircle/p019.tex) (./fig/pointoncircle/p019.tex)
(./fig/pointoncircle/p019.tex) (./fig/pointoncircle/p019.tex)
Overfull \vbox (6.44444pt too high) has occurred while \output is active []


[8] (./fig/pointoncircle/p020.tex) (./fig/pointoncircle/p020.tex)
(./fig/pointoncircle/p020.tex) (./fig/pointoncircle/p020.tex)
Overfull \vbox (6.44444pt too high) has occurred while \output is active []


[8] (./fig/pointoncircle/p021.tex) (./fig/pointoncircle/p021.tex)
(./fig/pointoncircle/p021.tex) (./fig/pointoncircle/p021.tex)
Overfull \vbox (6.44444pt too high) has occurred while \output is active []


[8] (./fig/pointoncircle/p022.tex) (./fig/pointoncircle/p022.tex)
(./fig/pointoncircle/p022.tex) (./fig/pointoncircle/p022.tex)
Overfull \vbox (6.44444pt too high) has occurred while \output is active []


[8] (./fig/pointoncircle/p023.tex) (./fig/pointoncircle/p023.tex)
(./fig/pointoncircle/p023.tex) (./fig/pointoncircle/p023.tex)
Overfull \vbox (6.44444pt too high) has occurred while \output is active []


[8] (./fig/pointoncircle/p024.tex) (./fig/pointoncircle/p024.tex)
(./fig/pointoncircle/p024.tex) (./fig/pointoncircle/p024.tex)
Overfull \vbox (6.44444pt too high) has occurred while \output is active []


[8] (./fig/pointoncircle/p025.tex) (./fig/pointoncircle/p025.tex)
(./fig/pointoncircle/p025.tex) (./fig/pointoncircle/p025.tex)
Overfull \vbox (6.44444pt too high) has occurred while \output is active []


[8] (./fig/pointoncircle/p026.tex) (./fig/pointoncircle/p026.tex)
(./fig/pointoncircle/p026.tex) (./fig/pointoncircle/p026.tex)
Package atveryend Info: Empty hook `BeforeClearDocument' on input line 871.

Overfull \vbox (6.44444pt too high) has occurred while \output is active []


[8]
Package atveryend Info: Empty hook `AfterLastShipout' on input line 871.
 (./s0705thin.aux)
Package atveryend Info: Empty hook `AtVeryEndDocument' on input line 871.
Package atveryend Info: Executing hook `AtEndAfterFileList' on input line 871.
Package rerunfilecheck Info: File `s0705thin.out' has not changed.
(rerunfilecheck)             Checksum: D41D8CD98F00B204E9800998ECF8427E;0.
Package atveryend Info: Empty hook `AtVeryVeryEnd' on input line 871.
 ) 
Here is how much of TeX's memory you used:
 6733 strings out of 495145
 97267 string characters out of 6183910
 268652 words of memory out of 5000000
 9870 multiletter control sequences out of 15000+600000
 17136 words of font info for 78 fonts, out of 8000000 for 9000
 14 hyphenation exceptions out of 8191
 28i,12n,35p,321b,331s stack positions out of 5000i,500n,10000p,200000b,80000s

Output written on s0705thin.dvi (45 pages, 752432 bytes).
