This is e-pTeX, Version 3.14159265-p3.7-160201-2.6 (utf8.euc) (TeX Live 2016) (preloaded format=platex 2016.12.16)  25 JUN 2017 09:47
entering extended mode
 restricted \write18 enabled.
 %&-line parsing enabled.
**s0706animate.tex
(./s0706animate.tex
pLaTeX2e <2016/05/07> (based on LaTeX2e <2016/03/31>)
Babel <3.9r> and hyphenation patterns for 83 language(s) loaded.
(/usr/local/texlive/2016/texmf-dist/tex/platex/base/jarticle.cls
Document Class: jarticle 2006/06/27 v1.6 Standard pLaTeX class
\c@@paper=\count81
(/usr/local/texlive/2016/texmf-dist/tex/platex/base/jsize10.clo
File: jsize10.clo 2006/06/27 v1.6 Standard pLaTeX file (size option)
)
\c@part=\count82
\c@section=\count83
\c@subsection=\count84
\c@subsubsection=\count85
\c@paragraph=\count86
\c@subparagraph=\count87
\c@figure=\count88
\c@table=\count89
\abovecaptionskip=\skip41
\belowcaptionskip=\skip42
\symmincho=\mathgroup4
LaTeX Font Info:    Overwriting symbol font `mincho' in version `bold'
(Font)                  JY1/mc/m/n --> JY1/gt/m/n on input line 593.
\toclineskip=\dimen118
\@lnumwidth=\dimen119
\bibindent=\dimen120
\heisei=\count90
)
(/Users/takatoosetsuo/ketcindy/ketpicstyle/ketpic.sty
\c@ketpicctra=\count91
\c@ketpicctrb=\count92
\c@ketpicctrc=\count93
\c@ketpicctrd=\count94
\c@ketpicctre=\count95
\c@ketpicctrf=\count96
\c@ketpicctrg=\count97
\c@ketpicctrh=\count98
\c@ketpicctri=\count99
\c@ketpicctrj=\count100
\Width=\skip43
\Height=\skip44
\Depth=\skip45
)
(/Users/takatoosetsuo/ketcindy/ketpicstyle/ketlayer.sty
\layercurrentunit=\skip46
)
(/Users/takatoosetsuo/ketcindy/ketpicstyle/ketslide.sty)
(/usr/local/texlive/2016/texmf-dist/tex/latex/amsmath/amsmath.sty
Package: amsmath 2016/03/10 v2.15b AMS math features
\@mathmargin=\skip47

For additional information on amsmath, use the `?' option.
(/usr/local/texlive/2016/texmf-dist/tex/latex/amsmath/amstext.sty
Package: amstext 2000/06/29 v2.01 AMS text

(/usr/local/texlive/2016/texmf-dist/tex/latex/amsmath/amsgen.sty
File: amsgen.sty 1999/11/30 v2.0 generic functions
\@emptytoks=\toks15
\ex@=\dimen121
))
(/usr/local/texlive/2016/texmf-dist/tex/latex/amsmath/amsbsy.sty
Package: amsbsy 1999/11/29 v1.2d Bold Symbols
\pmbraise@=\dimen122
)
(/usr/local/texlive/2016/texmf-dist/tex/latex/amsmath/amsopn.sty
Package: amsopn 2016/03/08 v2.02 operator names
)
\inf@bad=\count101
LaTeX Info: Redefining \frac on input line 199.
\uproot@=\count102
\leftroot@=\count103
LaTeX Info: Redefining \overline on input line 297.
\classnum@=\count104
\DOTSCASE@=\count105
LaTeX Info: Redefining \ldots on input line 394.
LaTeX Info: Redefining \dots on input line 397.
LaTeX Info: Redefining \cdots on input line 518.
\Mathstrutbox@=\box41
\strutbox@=\box42
\big@size=\dimen123
LaTeX Font Info:    Redeclaring font encoding OML on input line 634.
LaTeX Font Info:    Redeclaring font encoding OMS on input line 635.
\macc@depth=\count106
\c@MaxMatrixCols=\count107
\dotsspace@=\muskip10
\c@parentequation=\count108
\dspbrk@lvl=\count109
\tag@help=\toks16
\row@=\count110
\column@=\count111
\maxfields@=\count112
\andhelp@=\toks17
\eqnshift@=\dimen124
\alignsep@=\dimen125
\tagshift@=\dimen126
\tagwidth@=\dimen127
\totwidth@=\dimen128
\lineht@=\dimen129
\@envbody=\toks18
\multlinegap=\skip48
\multlinetaggap=\skip49
\mathdisplay@stack=\toks19
LaTeX Info: Redefining \[ on input line 2739.
LaTeX Info: Redefining \] on input line 2740.
)
(/usr/local/texlive/2016/texmf-dist/tex/latex/amsfonts/amssymb.sty
Package: amssymb 2013/01/14 v3.01 AMS font symbols

(/usr/local/texlive/2016/texmf-dist/tex/latex/amsfonts/amsfonts.sty
Package: amsfonts 2013/01/14 v3.01 Basic AMSFonts support
\symAMSa=\mathgroup5
\symAMSb=\mathgroup6
LaTeX Font Info:    Overwriting math alphabet `\mathfrak' in version `bold'
(Font)                  U/euf/m/n --> U/euf/b/n on input line 106.
))
(/usr/local/texlive/2016/texmf-dist/tex/latex/tools/bm.sty
Package: bm 2016/02/27 v1.2a Bold Symbol Support (DPC/FMi)
\symboldoperators=\mathgroup7
\symboldletters=\mathgroup8
\symboldsymbols=\mathgroup9
\symboldmincho=\mathgroup10
LaTeX Font Info:    Redeclaring math alphabet \mathbf on input line 142.
LaTeX Info: Redefining \bm on input line 208.
)
(/usr/local/texlive/2016/texmf-dist/tex/latex/tools/enumerate.sty
Package: enumerate 2015/07/23 v3.00 enumerate extensions (DPC)
\@enLab=\toks20
)
(/usr/local/texlive/2016/texmf-dist/tex/latex/graphics/graphicx.sty
Package: graphicx 2014/10/28 v1.0g Enhanced LaTeX Graphics (DPC,SPQR)

(/usr/local/texlive/2016/texmf-dist/tex/latex/graphics/keyval.sty
Package: keyval 2014/10/28 v1.15 key=value parser (DPC)
\KV@toks@=\toks21
)
(/usr/local/texlive/2016/texmf-dist/tex/latex/graphics/graphics.sty
Package: graphics 2016/05/09 v1.0r Standard LaTeX Graphics (DPC,SPQR)

(/usr/local/texlive/2016/texmf-dist/tex/latex/graphics/trig.sty
Package: trig 2016/01/03 v1.10 sin cos tan (DPC)
)
(/usr/local/texlive/2016/texmf-dist/tex/latex/graphics-cfg/graphics.cfg
File: graphics.cfg 2016/01/02 v1.10 sample graphics configuration
)
Package graphics Info: Driver file: dvipdfmx.def on input line 96.

(/usr/local/texlive/2016/texmf-dist/tex/latex/dvipdfmx-def/dvipdfmx.def
File: dvipdfmx.def 2016/04/06 v4.08 LaTeX color/graphics driver for dvipdfmx (T
eX Live/ChoF)

(/usr/local/texlive/2016/texmf-dist/tex/generic/oberdiek/infwarerr.sty
Package: infwarerr 2016/05/16 v1.4 Providing info/warning/error messages (HO)
)
(/usr/local/texlive/2016/texmf-dist/tex/generic/oberdiek/ltxcmds.sty
Package: ltxcmds 2016/05/16 v1.23 LaTeX kernel commands for general use (HO)
)))
\Gin@req@height=\dimen130
\Gin@req@width=\dimen131
)
(/usr/local/texlive/2016/texmf-dist/tex/latex/graphics/color.sty
Package: color 2016/05/09 v1.1c Standard LaTeX Color (DPC)

(/usr/local/texlive/2016/texmf-dist/tex/latex/graphics-cfg/color.cfg
File: color.cfg 2016/01/02 v1.6 sample color configuration
)
Package color Info: Driver file: dvips.def on input line 144.

(/usr/local/texlive/2016/texmf-dist/tex/latex/graphics/dvips.def
File: dvips.def 2015/12/30 v3.0k Driver-dependent file (DPC,SPQR)
)
(/usr/local/texlive/2016/texmf-dist/tex/latex/graphics/dvipsnam.def
File: dvipsnam.def 2015/12/30 v3.0k Driver-dependent file (DPC,SPQR)
))
(/usr/local/texlive/2016/texmf-dist/tex/latex/animate/animate.sty
Package: animate 2016/04/15 PDF animations from files and inline graphics

(/usr/local/texlive/2016/texmf-dist/tex/latex/base/ifthen.sty
Package: ifthen 2014/09/29 v1.1c Standard LaTeX ifthen package (DPC)
)
(/usr/local/texlive/2016/texmf-dist/tex/generic/oberdiek/ifpdf.sty
Package: ifpdf 2016/05/14 v3.1 Provides the ifpdf switch
)
(/usr/local/texlive/2016/texmf-dist/tex/generic/oberdiek/ifluatex.sty
Package: ifluatex 2016/05/16 v1.4 Provides the ifluatex switch (HO)
Package ifluatex Info: LuaTeX not detected.
)
(/usr/local/texlive/2016/texmf-dist/tex/latex/oberdiek/ifdraft.sty
Package: ifdraft 2016/05/16 v1.4 Detect class options draft and final (HO)
)
(/usr/local/texlive/2016/texmf-dist/tex/latex/tools/calc.sty
Package: calc 2014/10/28 v4.3 Infix arithmetic (KKT,FJ)
\calc@Acount=\count113
\calc@Bcount=\count114
\calc@Adimen=\dimen132
\calc@Bdimen=\dimen133
\calc@Askip=\skip50
\calc@Bskip=\skip51
LaTeX Info: Redefining \setlength on input line 80.
LaTeX Info: Redefining \addtolength on input line 81.
\calc@Ccount=\count115
\calc@Cskip=\skip52
)
(/usr/local/texlive/2016/texmf-dist/tex/latex/oberdiek/atenddvi.sty
Package: atenddvi 2016/05/16 v1.2 At end DVI hook (HO)

(/usr/local/texlive/2016/texmf-dist/tex/latex/oberdiek/zref-abspage.sty
Package: zref-abspage 2016/05/16 v2.25 Module abspage for zref (HO)

(/usr/local/texlive/2016/texmf-dist/tex/latex/oberdiek/zref-base.sty
Package: zref-base 2016/05/16 v2.25 Module base for zref (HO)

(/usr/local/texlive/2016/texmf-dist/tex/generic/oberdiek/kvsetkeys.sty
Package: kvsetkeys 2016/05/16 v1.17 Key value parser (HO)

(/usr/local/texlive/2016/texmf-dist/tex/generic/oberdiek/etexcmds.sty
Package: etexcmds 2016/05/16 v1.6 Avoid name clashes with e-TeX commands (HO)
Package etexcmds Info: Could not find \expanded.
(etexcmds)             That can mean that you are not using pdfTeX 1.50 or
(etexcmds)             that some package has redefined \expanded.
(etexcmds)             In the latter case, load this package earlier.
))
(/usr/local/texlive/2016/texmf-dist/tex/generic/oberdiek/kvdefinekeys.sty
Package: kvdefinekeys 2016/05/16 v1.4 Define keys (HO)
)
(/usr/local/texlive/2016/texmf-dist/tex/generic/oberdiek/pdftexcmds.sty
Package: pdftexcmds 2016/05/10 v0.21 Utility functions of pdfTeX for LuaTeX (HO
)
Package pdftexcmds Info: LuaTeX not detected.
Package pdftexcmds Info: pdfTeX >= 1.30 not detected.
Package pdftexcmds Info: \pdf@primitive is available.
Package pdftexcmds Info: \pdf@ifprimitive is available.
Package pdftexcmds Info: \pdfdraftmode not found.
)
(/usr/local/texlive/2016/texmf-dist/tex/latex/oberdiek/auxhook.sty
Package: auxhook 2016/05/16 v1.4 Hooks for auxiliary files (HO)
)
Package zref Info: New property list: main on input line 759.
Package zref Info: New property: default on input line 760.
Package zref Info: New property: page on input line 761.
)
(/usr/local/texlive/2016/texmf-dist/tex/generic/oberdiek/atbegshi.sty
Package: atbegshi 2016/05/16 v1.17 At begin shipout hook (HO)
)
\c@abspage=\count116
Package zref Info: New property: abspage on input line 62.
)
(/usr/local/texlive/2016/texmf-dist/tex/latex/oberdiek/zref-lastpage.sty
Package: zref-lastpage 2016/05/16 v2.25 Module lastpage for zref (HO)

(/usr/local/texlive/2016/texmf-dist/tex/latex/oberdiek/atveryend.sty
Package: atveryend 2016/05/16 v1.9 Hooks at the very end of document (HO)
Package atveryend Info: \enddocument detected (standard20110627).
)
Package zref Info: New property list: LastPage on input line 55.
))
(/usr/local/texlive/2016/texmf-dist/tex/latex/animate/animfp.sty
Package: animfp 2009/07/23 fixed point addition for animate.sty
\afp@xs=\count117
\afp@xia=\count118
\afp@xib=\count119
\afp@xfa=\count120
\afp@xfb=\count121
\afp@rega=\count122
\afp@regb=\count123
\afp@regs=\count124
)
(/usr/local/texlive/2016/texmf-dist/tex/latex/media9/pdfbase.sty
(/usr/local/texlive/2016/texmf-dist/tex/latex/l3kernel/expl3.sty
Package: expl3 2016/05/18 v6512 L3 programming layer (loader) 

(/usr/local/texlive/2016/texmf-dist/tex/latex/l3kernel/expl3-code.tex
Package: expl3 2016/05/18 v6512 L3 programming layer (code)
L3 Module: l3bootstrap 2016/02/12 v6412 L3 Bootstrap code
L3 Module: l3names 2016/03/11 v6433 L3 Namespace for primitives
L3 Module: l3basics 2015/11/22 v6315 L3 Basic definitions
L3 Module: l3expan 2015/09/10 v5983 L3 Argument expansion
L3 Module: l3tl 2016/03/26 v6465 L3 Token lists
L3 Module: l3str 2016/03/24 v6441 L3 Strings
L3 Module: l3seq 2015/08/05 v5777 L3 Sequences and stacks
L3 Module: l3int 2016/03/24 v6441 L3 Integers
\c_max_int=\count125
\l_tmpa_int=\count126
\l_tmpb_int=\count127
\g_tmpa_int=\count128
\g_tmpb_int=\count129
L3 Module: l3quark 2015/08/17 v5855 L3 Quarks
L3 Module: l3prg 2015/11/01 v6216 L3 Control structures
\g__prg_map_int=\count130
L3 Module: l3clist 2015/09/02 v5901 L3 Comma separated lists
L3 Module: l3token 2016/04/03 v6470 L3 Experimental token manipulation
L3 Module: l3prop 2016/01/05 v6366 L3 Property lists
L3 Module: l3msg 2016/03/26 v6464 L3 Messages
L3 Module: l3file 2016/03/25 v6458 L3 File and I/O operations
\l_iow_line_count_int=\count131
\l__iow_target_count_int=\count132
\l__iow_current_line_int=\count133
\l__iow_current_word_int=\count134
\l__iow_current_indentation_int=\count135
L3 Module: l3skip 2016/01/05 v6366 L3 Dimensions and skips
\c_zero_dim=\dimen134
\c_max_dim=\dimen135
\l_tmpa_dim=\dimen136
\l_tmpb_dim=\dimen137
\g_tmpa_dim=\dimen138
\g_tmpb_dim=\dimen139
\c_zero_skip=\skip53
\c_max_skip=\skip54
\l_tmpa_skip=\skip55
\l_tmpb_skip=\skip56
\g_tmpa_skip=\skip57
\g_tmpb_skip=\skip58
\c_zero_muskip=\muskip11
\c_max_muskip=\muskip12
\l_tmpa_muskip=\muskip13
\l_tmpb_muskip=\muskip14
\g_tmpa_muskip=\muskip15
\g_tmpb_muskip=\muskip16
L3 Module: l3keys 2015/11/17 v6284 L3 Key-value interfaces
\g__keyval_level_int=\count136
\l_keys_choice_int=\count137
L3 Module: l3fp 2016/03/26 v6465 L3 Floating points
\c__fp_leading_shift_int=\count138
\c__fp_middle_shift_int=\count139
\c__fp_trailing_shift_int=\count140
\c__fp_big_leading_shift_int=\count141
\c__fp_big_middle_shift_int=\count142
\c__fp_big_trailing_shift_int=\count143
\c__fp_Bigg_leading_shift_int=\count144
\c__fp_Bigg_middle_shift_int=\count145
\c__fp_Bigg_trailing_shift_int=\count146
L3 Module: l3box 2015/08/09 v5822 L3 Experimental boxes
\c_empty_box=\box43
\l_tmpa_box=\box44
\l_tmpb_box=\box45
\g_tmpa_box=\box46
\g_tmpb_box=\box47
L3 Module: l3coffins 2016/05/17 v6508 L3 Coffin code layer
\l__coffin_internal_box=\box48
\l__coffin_internal_dim=\dimen140
\l__coffin_offset_x_dim=\dimen141
\l__coffin_offset_y_dim=\dimen142
\l__coffin_x_dim=\dimen143
\l__coffin_y_dim=\dimen144
\l__coffin_x_prime_dim=\dimen145
\l__coffin_y_prime_dim=\dimen146
\c_empty_coffin=\box49
\l__coffin_aligned_coffin=\box50
\l__coffin_aligned_internal_coffin=\box51
\l_tmpa_coffin=\box52
\l_tmpb_coffin=\box53
\l__coffin_display_coffin=\box54
\l__coffin_display_coord_coffin=\box55
\l__coffin_display_pole_coffin=\box56
\l__coffin_display_offset_dim=\dimen147
\l__coffin_display_x_dim=\dimen148
\l__coffin_display_y_dim=\dimen149
L3 Module: l3color 2014/08/23 v5354 L3 Experimental color support
L3 Module: l3sys 2015/09/25 v6087 L3 Experimental system/runtime functions
L3 Module: l3candidates 2016/05/13 v6484 L3 Experimental additions to l3kernel
\l__box_top_dim=\dimen150
\l__box_bottom_dim=\dimen151
\l__box_left_dim=\dimen152
\l__box_right_dim=\dimen153
\l__box_top_new_dim=\dimen154
\l__box_bottom_new_dim=\dimen155
\l__box_left_new_dim=\dimen156
\l__box_right_new_dim=\dimen157
\l__box_internal_box=\box57
\l__coffin_bounding_shift_dim=\dimen158
\l__coffin_left_corner_dim=\dimen159
\l__coffin_right_corner_dim=\dimen160
\l__coffin_bottom_corner_dim=\dimen161
\l__coffin_top_corner_dim=\dimen162
\l__coffin_scaled_total_height_dim=\dimen163
\l__coffin_scaled_width_dim=\dimen164
L3 Module: l3luatex 2016/03/26 v6465 L3 Experimental LuaTeX-specific functions
)
(/usr/local/texlive/2016/texmf-dist/tex/latex/l3kernel/l3dvipdfmx.def
File: l3dvidpfmx.def 2016/03/26 v6465 L3 Experimental driver: dvipdfmx
\l__driver_tmp_box=\box58
))
(/usr/local/texlive/2016/texmf-dist/tex/latex/l3packages/l3keys2e/l3keys2e.sty
Package: l3keys2e 2016/05/18 v6512 LaTeX2e option processing using LaTeX3 keys
)
Package: pdfbase 2016/03/22 v0.8 driver independent access to low-level PDF fea
tures
\g_pbs_obj_int=\count147
\g_pbs_oc_int=\count148
) (/usr/local/texlive/2016/texmf-dist/tex/latex/ocgx2/ocgbase.sty
Package: ocgbase 2016/03/11 v0.6 support package for ocgx2.sty
)
\@anim@box=\box59
\@anim@measbox=\box60
\@anim@tmpdima=\dimen165
\@anim@tmpdimb=\dimen166
\@anim@num=\count149
\@anim@curframe=\count150
\@anim@curframe@zb=\count151
\@anim@resizeflags=\count152
\@anim@skipfram=\count153
\@anim@mulframecnt=\count154
\@anim@@tmlnfile=\read1
\@anim@tmpcnt=\count155
\c@@anim@ltxcnt=\count156
\@anim@curlayer=\count157
\@anim@lineno=\count158
\@anim@curfield=\count159
\@anim@@resizeflags=\count160
)
(/usr/local/texlive/2016/texmf-dist/tex/latex/hyperref/hyperref.sty
Package: hyperref 2016/05/05 v6.83n Hypertext links for LaTeX

(/usr/local/texlive/2016/texmf-dist/tex/generic/oberdiek/hobsub-hyperref.sty
Package: hobsub-hyperref 2016/05/16 v1.14 Bundle oberdiek, subset hyperref (HO)


(/usr/local/texlive/2016/texmf-dist/tex/generic/oberdiek/hobsub-generic.sty
Package: hobsub-generic 2016/05/16 v1.14 Bundle oberdiek, subset generic (HO)
Package: hobsub 2016/05/16 v1.14 Construct package bundles (HO)
Package hobsub Info: Skipping package `infwarerr' (already loaded).
Package hobsub Info: Skipping package `ltxcmds' (already loaded).
Package hobsub Info: Skipping package `ifluatex' (already loaded).
Package: ifvtex 2016/05/16 v1.6 Detect VTeX and its facilities (HO)
Package ifvtex Info: VTeX not detected.
Package: intcalc 2016/05/16 v1.2 Expandable calculations with integers (HO)
Package hobsub Info: Skipping package `ifpdf' (already loaded).
Package hobsub Info: Skipping package `etexcmds' (already loaded).
Package hobsub Info: Skipping package `kvsetkeys' (already loaded).
Package hobsub Info: Skipping package `kvdefinekeys' (already loaded).
Package hobsub Info: Skipping package `pdftexcmds' (already loaded).
Package: pdfescape 2016/05/16 v1.14 Implements pdfTeX's escape features (HO)
Package: bigintcalc 2016/05/16 v1.4 Expandable calculations on big integers (HO
)
Package: bitset 2016/05/16 v1.2 Handle bit-vector datatype (HO)
Package: uniquecounter 2016/05/16 v1.3 Provide unlimited unique counter (HO)
)
Package hobsub Info: Skipping package `hobsub' (already loaded).
Package: letltxmacro 2016/05/16 v1.5 Let assignment for LaTeX macros (HO)
Package: hopatch 2016/05/16 v1.3 Wrapper for package hooks (HO)
Package: xcolor-patch 2016/05/16 xcolor patch
Package hobsub Info: Skipping package `atveryend' (already loaded).
Package hobsub Info: Skipping package `atbegshi' (already loaded).
Package: refcount 2016/05/16 v3.5 Data extraction from label references (HO)
Package: hycolor 2016/05/16 v1.8 Color options for hyperref/bookmark (HO)
)
(/usr/local/texlive/2016/texmf-dist/tex/generic/ifxetex/ifxetex.sty
Package: ifxetex 2010/09/12 v0.6 Provides ifxetex conditional
)
(/usr/local/texlive/2016/texmf-dist/tex/latex/oberdiek/kvoptions.sty
Package: kvoptions 2016/05/16 v3.12 Key value format for package options (HO)
)
\@linkdim=\dimen167
\Hy@linkcounter=\count161
\Hy@pagecounter=\count162

(/usr/local/texlive/2016/texmf-dist/tex/latex/hyperref/pd1enc.def
File: pd1enc.def 2016/05/05 v6.83n Hyperref: PDFDocEncoding definition (HO)
)
\Hy@SavedSpaceFactor=\count163

(/usr/local/texlive/2016/texmf-dist/tex/latex/latexconfig/hyperref.cfg
File: hyperref.cfg 2002/06/06 v1.2 hyperref configuration of TeXLive
)
Package hyperref Info: Option `colorlinks' set `true' on input line 4322.
Package hyperref Info: Hyper figures OFF on input line 4446.
Package hyperref Info: Link nesting OFF on input line 4451.
Package hyperref Info: Hyper index ON on input line 4454.
Package hyperref Info: Plain pages OFF on input line 4461.
Package hyperref Info: Backreferencing OFF on input line 4466.
Package hyperref Info: Implicit mode ON; LaTeX internals redefined.
Package hyperref Info: Bookmarks ON on input line 4691.
\c@Hy@tempcnt=\count164

(/usr/local/texlive/2016/texmf-dist/tex/latex/url/url.sty
\Urlmuskip=\muskip17
Package: url 2013/09/16  ver 3.4  Verb mode for urls, etc.
)
LaTeX Info: Redefining \url on input line 5044.
\XeTeXLinkMargin=\dimen168
\Fld@menulength=\count165
\Field@Width=\dimen169
\Fld@charsize=\dimen170
Package hyperref Info: Hyper figures OFF on input line 6298.
Package hyperref Info: Link nesting OFF on input line 6303.
Package hyperref Info: Hyper index ON on input line 6306.
Package hyperref Info: backreferencing OFF on input line 6313.
Package hyperref Info: Link coloring ON on input line 6316.
Package hyperref Info: Link coloring with OCG OFF on input line 6323.
Package hyperref Info: PDF/A mode OFF on input line 6328.
LaTeX Info: Redefining \ref on input line 6368.
LaTeX Info: Redefining \pageref on input line 6372.
\Hy@abspage=\count166
\c@Item=\count167
\c@Hfootnote=\count168
)

Package hyperref Message: Driver: hdvipdfm.

(/usr/local/texlive/2016/texmf-dist/tex/latex/hyperref/hdvipdfm.def
File: hdvipdfm.def 2016/05/05 v6.83n Hyperref driver for dvipdfm
\pdfm@box=\box61
\c@Hy@AnnotLevel=\count169
\HyField@AnnotCount=\count170
\Fld@listcount=\count171
\c@bookmark@seq@number=\count172

(/usr/local/texlive/2016/texmf-dist/tex/latex/oberdiek/rerunfilecheck.sty
Package: rerunfilecheck 2016/05/16 v1.8 Rerun checks for auxiliary files (HO)
Package uniquecounter Info: New unique counter `rerunfilecheck' on input line 2
82.
)
\Hy@SectionHShift=\skip59
)
(./s0706animate.aux)
\openout1 = `s0706animate.aux'.

LaTeX Font Info:    Checking defaults for OML/cmm/m/it on input line 25.
LaTeX Font Info:    ... okay on input line 25.
LaTeX Font Info:    Checking defaults for T1/cmr/m/n on input line 25.
LaTeX Font Info:    ... okay on input line 25.
LaTeX Font Info:    Checking defaults for OT1/cmr/m/n on input line 25.
LaTeX Font Info:    ... okay on input line 25.
LaTeX Font Info:    Checking defaults for OMS/cmsy/m/n on input line 25.
LaTeX Font Info:    ... okay on input line 25.
LaTeX Font Info:    Checking defaults for OMX/cmex/m/n on input line 25.
LaTeX Font Info:    ... okay on input line 25.
LaTeX Font Info:    Checking defaults for U/cmr/m/n on input line 25.
LaTeX Font Info:    ... okay on input line 25.
LaTeX Font Info:    Checking defaults for JY1/mc/m/n on input line 25.
LaTeX Font Info:    ... okay on input line 25.
LaTeX Font Info:    Checking defaults for JT1/mc/m/n on input line 25.
LaTeX Font Info:    ... okay on input line 25.
LaTeX Font Info:    Checking defaults for PD1/pdf/m/n on input line 25.
LaTeX Font Info:    ... okay on input line 25.
\AtBeginShipoutBox=\box62
Package hyperref Info: Link coloring ON on input line 25.

(/usr/local/texlive/2016/texmf-dist/tex/latex/hyperref/nameref.sty
Package: nameref 2012/10/27 v2.43 Cross-referencing by name of section

(/usr/local/texlive/2016/texmf-dist/tex/generic/oberdiek/gettitlestring.sty
Package: gettitlestring 2016/05/16 v1.5 Cleanup title references (HO)
)
\c@section@level=\count173
)
LaTeX Info: Redefining \ref on input line 25.
LaTeX Info: Redefining \pageref on input line 25.
LaTeX Info: Redefining \nameref on input line 25.

(./s0706animate.out) (./s0706animate.out)
\@outlinefile=\write3
\openout3 = `s0706animate.out'.

 (./fig/slide0.tex
LaTeX Font Info:    Font shape `JT1/mc/bx/n' in size <14.4> not available
(Font)              Font shape `JT1/gt/m/n' tried instead on input line 1.
LaTeX Font Info:    Font shape `JY1/mc/bx/n' in size <14.4> not available
(Font)              Font shape `JY1/gt/m/n' tried instead on input line 1.
LaTeX Font Info:    Font shape `JT1/mc/bx/n' in size <24.88> not available
(Font)              Font shape `JT1/gt/m/n' tried instead on input line 5.
LaTeX Font Info:    Font shape `JY1/mc/bx/n' in size <24.88> not available
(Font)              Font shape `JY1/gt/m/n' tried instead on input line 5.
) (./fig/slide0.tex) (./fig/slide0.tex) (./fig/slide0.tex) [0

]
Overfull \vbox (6.44444pt too high) has occurred while \output is active []


[1] (./fig/animpointoncircle.tex
(/Users/takatoosetsuo/ketcindy/ketsample/samples/s07slides/fig/pointoncircle/p0
01.tex
LaTeX Font Info:    Font shape `JT1/mc/bx/n' in size <9> not available
(Font)              Font shape `JT1/gt/m/n' tried instead on input line 8.
LaTeX Font Info:    Font shape `JY1/mc/bx/n' in size <9> not available
(Font)              Font shape `JY1/gt/m/n' tried instead on input line 8.
LaTeX Font Info:    Try loading font information for U+msa on input line 22.
 (/usr/local/texlive/2016/texmf-dist/tex/latex/amsfonts/umsa.fd
File: umsa.fd 2013/01/14 v3.01 AMS symbols A
)
LaTeX Font Info:    Try loading font information for U+msb on input line 22.

(/usr/local/texlive/2016/texmf-dist/tex/latex/amsfonts/umsb.fd
File: umsb.fd 2013/01/14 v3.01 AMS symbols B
)) <a0,fr0>
(/Users/takatoosetsuo/ketcindy/ketsample/samples/s07slides/fig/pointoncircle/p0
02.tex) <a0,fr1>
(/Users/takatoosetsuo/ketcindy/ketsample/samples/s07slides/fig/pointoncircle/p0
03.tex) <a0,fr2>
(/Users/takatoosetsuo/ketcindy/ketsample/samples/s07slides/fig/pointoncircle/p0
04.tex) <a0,fr3>
(/Users/takatoosetsuo/ketcindy/ketsample/samples/s07slides/fig/pointoncircle/p0
05.tex) <a0,fr4>
(/Users/takatoosetsuo/ketcindy/ketsample/samples/s07slides/fig/pointoncircle/p0
06.tex) <a0,fr5>
(/Users/takatoosetsuo/ketcindy/ketsample/samples/s07slides/fig/pointoncircle/p0
07.tex) <a0,fr6>
(/Users/takatoosetsuo/ketcindy/ketsample/samples/s07slides/fig/pointoncircle/p0
08.tex) <a0,fr7>
(/Users/takatoosetsuo/ketcindy/ketsample/samples/s07slides/fig/pointoncircle/p0
09.tex) <a0,fr8>
(/Users/takatoosetsuo/ketcindy/ketsample/samples/s07slides/fig/pointoncircle/p0
10.tex) <a0,fr9>
(/Users/takatoosetsuo/ketcindy/ketsample/samples/s07slides/fig/pointoncircle/p0
11.tex) <a0,fr10>
(/Users/takatoosetsuo/ketcindy/ketsample/samples/s07slides/fig/pointoncircle/p0
12.tex) <a0,fr11>
(/Users/takatoosetsuo/ketcindy/ketsample/samples/s07slides/fig/pointoncircle/p0
13.tex) <a0,fr12>
(/Users/takatoosetsuo/ketcindy/ketsample/samples/s07slides/fig/pointoncircle/p0
14.tex) <a0,fr13>
(/Users/takatoosetsuo/ketcindy/ketsample/samples/s07slides/fig/pointoncircle/p0
15.tex) <a0,fr14>
(/Users/takatoosetsuo/ketcindy/ketsample/samples/s07slides/fig/pointoncircle/p0
16.tex) <a0,fr15>
(/Users/takatoosetsuo/ketcindy/ketsample/samples/s07slides/fig/pointoncircle/p0
17.tex) <a0,fr16>
(/Users/takatoosetsuo/ketcindy/ketsample/samples/s07slides/fig/pointoncircle/p0
18.tex) <a0,fr17>
(/Users/takatoosetsuo/ketcindy/ketsample/samples/s07slides/fig/pointoncircle/p0
19.tex) <a0,fr18>
(/Users/takatoosetsuo/ketcindy/ketsample/samples/s07slides/fig/pointoncircle/p0
20.tex) <a0,fr19>
(/Users/takatoosetsuo/ketcindy/ketsample/samples/s07slides/fig/pointoncircle/p0
21.tex) <a0,fr20>
(/Users/takatoosetsuo/ketcindy/ketsample/samples/s07slides/fig/pointoncircle/p0
22.tex) <a0,fr21>
(/Users/takatoosetsuo/ketcindy/ketsample/samples/s07slides/fig/pointoncircle/p0
23.tex) <a0,fr22>
(/Users/takatoosetsuo/ketcindy/ketsample/samples/s07slides/fig/pointoncircle/p0
24.tex) <a0,fr23>
(/Users/takatoosetsuo/ketcindy/ketsample/samples/s07slides/fig/pointoncircle/p0
25.tex) <a0,fr24>
(/Users/takatoosetsuo/ketcindy/ketsample/samples/s07slides/fig/pointoncircle/p0
26.tex) <a0,fr25>) (./fig/animpointoncircle.tex
(/Users/takatoosetsuo/ketcindy/ketsample/samples/s07slides/fig/pointoncircle/p0
01.tex) <a1,fr0>
(/Users/takatoosetsuo/ketcindy/ketsample/samples/s07slides/fig/pointoncircle/p0
02.tex) <a1,fr1>
(/Users/takatoosetsuo/ketcindy/ketsample/samples/s07slides/fig/pointoncircle/p0
03.tex) <a1,fr2>
(/Users/takatoosetsuo/ketcindy/ketsample/samples/s07slides/fig/pointoncircle/p0
04.tex) <a1,fr3>
(/Users/takatoosetsuo/ketcindy/ketsample/samples/s07slides/fig/pointoncircle/p0
05.tex) <a1,fr4>
(/Users/takatoosetsuo/ketcindy/ketsample/samples/s07slides/fig/pointoncircle/p0
06.tex) <a1,fr5>
(/Users/takatoosetsuo/ketcindy/ketsample/samples/s07slides/fig/pointoncircle/p0
07.tex) <a1,fr6>
(/Users/takatoosetsuo/ketcindy/ketsample/samples/s07slides/fig/pointoncircle/p0
08.tex) <a1,fr7>
(/Users/takatoosetsuo/ketcindy/ketsample/samples/s07slides/fig/pointoncircle/p0
09.tex) <a1,fr8>
(/Users/takatoosetsuo/ketcindy/ketsample/samples/s07slides/fig/pointoncircle/p0
10.tex) <a1,fr9>
(/Users/takatoosetsuo/ketcindy/ketsample/samples/s07slides/fig/pointoncircle/p0
11.tex) <a1,fr10>
(/Users/takatoosetsuo/ketcindy/ketsample/samples/s07slides/fig/pointoncircle/p0
12.tex) <a1,fr11>
(/Users/takatoosetsuo/ketcindy/ketsample/samples/s07slides/fig/pointoncircle/p0
13.tex) <a1,fr12>
(/Users/takatoosetsuo/ketcindy/ketsample/samples/s07slides/fig/pointoncircle/p0
14.tex) <a1,fr13>
(/Users/takatoosetsuo/ketcindy/ketsample/samples/s07slides/fig/pointoncircle/p0
15.tex) <a1,fr14>
(/Users/takatoosetsuo/ketcindy/ketsample/samples/s07slides/fig/pointoncircle/p0
16.tex) <a1,fr15>
(/Users/takatoosetsuo/ketcindy/ketsample/samples/s07slides/fig/pointoncircle/p0
17.tex) <a1,fr16>
(/Users/takatoosetsuo/ketcindy/ketsample/samples/s07slides/fig/pointoncircle/p0
18.tex) <a1,fr17>
(/Users/takatoosetsuo/ketcindy/ketsample/samples/s07slides/fig/pointoncircle/p0
19.tex) <a1,fr18>
(/Users/takatoosetsuo/ketcindy/ketsample/samples/s07slides/fig/pointoncircle/p0
20.tex) <a1,fr19>
(/Users/takatoosetsuo/ketcindy/ketsample/samples/s07slides/fig/pointoncircle/p0
21.tex) <a1,fr20>
(/Users/takatoosetsuo/ketcindy/ketsample/samples/s07slides/fig/pointoncircle/p0
22.tex) <a1,fr21>
(/Users/takatoosetsuo/ketcindy/ketsample/samples/s07slides/fig/pointoncircle/p0
23.tex) <a1,fr22>
(/Users/takatoosetsuo/ketcindy/ketsample/samples/s07slides/fig/pointoncircle/p0
24.tex) <a1,fr23>
(/Users/takatoosetsuo/ketcindy/ketsample/samples/s07slides/fig/pointoncircle/p0
25.tex) <a1,fr24>
(/Users/takatoosetsuo/ketcindy/ketsample/samples/s07slides/fig/pointoncircle/p0
26.tex) <a1,fr25>) (./fig/animpointoncircle.tex
(/Users/takatoosetsuo/ketcindy/ketsample/samples/s07slides/fig/pointoncircle/p0
01.tex) <a2,fr0>
(/Users/takatoosetsuo/ketcindy/ketsample/samples/s07slides/fig/pointoncircle/p0
02.tex) <a2,fr1>
(/Users/takatoosetsuo/ketcindy/ketsample/samples/s07slides/fig/pointoncircle/p0
03.tex) <a2,fr2>
(/Users/takatoosetsuo/ketcindy/ketsample/samples/s07slides/fig/pointoncircle/p0
04.tex) <a2,fr3>
(/Users/takatoosetsuo/ketcindy/ketsample/samples/s07slides/fig/pointoncircle/p0
05.tex) <a2,fr4>
(/Users/takatoosetsuo/ketcindy/ketsample/samples/s07slides/fig/pointoncircle/p0
06.tex) <a2,fr5>
(/Users/takatoosetsuo/ketcindy/ketsample/samples/s07slides/fig/pointoncircle/p0
07.tex) <a2,fr6>
(/Users/takatoosetsuo/ketcindy/ketsample/samples/s07slides/fig/pointoncircle/p0
08.tex) <a2,fr7>
(/Users/takatoosetsuo/ketcindy/ketsample/samples/s07slides/fig/pointoncircle/p0
09.tex) <a2,fr8>
(/Users/takatoosetsuo/ketcindy/ketsample/samples/s07slides/fig/pointoncircle/p0
10.tex) <a2,fr9>
(/Users/takatoosetsuo/ketcindy/ketsample/samples/s07slides/fig/pointoncircle/p0
11.tex) <a2,fr10>
(/Users/takatoosetsuo/ketcindy/ketsample/samples/s07slides/fig/pointoncircle/p0
12.tex) <a2,fr11>
(/Users/takatoosetsuo/ketcindy/ketsample/samples/s07slides/fig/pointoncircle/p0
13.tex) <a2,fr12>
(/Users/takatoosetsuo/ketcindy/ketsample/samples/s07slides/fig/pointoncircle/p0
14.tex) <a2,fr13>
(/Users/takatoosetsuo/ketcindy/ketsample/samples/s07slides/fig/pointoncircle/p0
15.tex) <a2,fr14>
(/Users/takatoosetsuo/ketcindy/ketsample/samples/s07slides/fig/pointoncircle/p0
16.tex) <a2,fr15>
(/Users/takatoosetsuo/ketcindy/ketsample/samples/s07slides/fig/pointoncircle/p0
17.tex) <a2,fr16>
(/Users/takatoosetsuo/ketcindy/ketsample/samples/s07slides/fig/pointoncircle/p0
18.tex) <a2,fr17>
(/Users/takatoosetsuo/ketcindy/ketsample/samples/s07slides/fig/pointoncircle/p0
19.tex) <a2,fr18>
(/Users/takatoosetsuo/ketcindy/ketsample/samples/s07slides/fig/pointoncircle/p0
20.tex) <a2,fr19>
(/Users/takatoosetsuo/ketcindy/ketsample/samples/s07slides/fig/pointoncircle/p0
21.tex) <a2,fr20>
(/Users/takatoosetsuo/ketcindy/ketsample/samples/s07slides/fig/pointoncircle/p0
22.tex) <a2,fr21>
(/Users/takatoosetsuo/ketcindy/ketsample/samples/s07slides/fig/pointoncircle/p0
23.tex) <a2,fr22>
(/Users/takatoosetsuo/ketcindy/ketsample/samples/s07slides/fig/pointoncircle/p0
24.tex) <a2,fr23>
(/Users/takatoosetsuo/ketcindy/ketsample/samples/s07slides/fig/pointoncircle/p0
25.tex) <a2,fr24>
(/Users/takatoosetsuo/ketcindy/ketsample/samples/s07slides/fig/pointoncircle/p0
26.tex) <a2,fr25>) (./fig/animpointoncircle.tex
(/Users/takatoosetsuo/ketcindy/ketsample/samples/s07slides/fig/pointoncircle/p0
01.tex) <a3,fr0>
(/Users/takatoosetsuo/ketcindy/ketsample/samples/s07slides/fig/pointoncircle/p0
02.tex) <a3,fr1>
(/Users/takatoosetsuo/ketcindy/ketsample/samples/s07slides/fig/pointoncircle/p0
03.tex) <a3,fr2>
(/Users/takatoosetsuo/ketcindy/ketsample/samples/s07slides/fig/pointoncircle/p0
04.tex) <a3,fr3>
(/Users/takatoosetsuo/ketcindy/ketsample/samples/s07slides/fig/pointoncircle/p0
05.tex) <a3,fr4>
(/Users/takatoosetsuo/ketcindy/ketsample/samples/s07slides/fig/pointoncircle/p0
06.tex) <a3,fr5>
(/Users/takatoosetsuo/ketcindy/ketsample/samples/s07slides/fig/pointoncircle/p0
07.tex) <a3,fr6>
(/Users/takatoosetsuo/ketcindy/ketsample/samples/s07slides/fig/pointoncircle/p0
08.tex) <a3,fr7>
(/Users/takatoosetsuo/ketcindy/ketsample/samples/s07slides/fig/pointoncircle/p0
09.tex) <a3,fr8>
(/Users/takatoosetsuo/ketcindy/ketsample/samples/s07slides/fig/pointoncircle/p0
10.tex) <a3,fr9>
(/Users/takatoosetsuo/ketcindy/ketsample/samples/s07slides/fig/pointoncircle/p0
11.tex) <a3,fr10>
(/Users/takatoosetsuo/ketcindy/ketsample/samples/s07slides/fig/pointoncircle/p0
12.tex) <a3,fr11>
(/Users/takatoosetsuo/ketcindy/ketsample/samples/s07slides/fig/pointoncircle/p0
13.tex) <a3,fr12>
(/Users/takatoosetsuo/ketcindy/ketsample/samples/s07slides/fig/pointoncircle/p0
14.tex) <a3,fr13>
(/Users/takatoosetsuo/ketcindy/ketsample/samples/s07slides/fig/pointoncircle/p0
15.tex) <a3,fr14>
(/Users/takatoosetsuo/ketcindy/ketsample/samples/s07slides/fig/pointoncircle/p0
16.tex) <a3,fr15>
(/Users/takatoosetsuo/ketcindy/ketsample/samples/s07slides/fig/pointoncircle/p0
17.tex) <a3,fr16>
(/Users/takatoosetsuo/ketcindy/ketsample/samples/s07slides/fig/pointoncircle/p0
18.tex) <a3,fr17>
(/Users/takatoosetsuo/ketcindy/ketsample/samples/s07slides/fig/pointoncircle/p0
19.tex) <a3,fr18>
(/Users/takatoosetsuo/ketcindy/ketsample/samples/s07slides/fig/pointoncircle/p0
20.tex) <a3,fr19>
(/Users/takatoosetsuo/ketcindy/ketsample/samples/s07slides/fig/pointoncircle/p0
21.tex) <a3,fr20>
(/Users/takatoosetsuo/ketcindy/ketsample/samples/s07slides/fig/pointoncircle/p0
22.tex) <a3,fr21>
(/Users/takatoosetsuo/ketcindy/ketsample/samples/s07slides/fig/pointoncircle/p0
23.tex) <a3,fr22>
(/Users/takatoosetsuo/ketcindy/ketsample/samples/s07slides/fig/pointoncircle/p0
24.tex) <a3,fr23>
(/Users/takatoosetsuo/ketcindy/ketsample/samples/s07slides/fig/pointoncircle/p0
25.tex) <a3,fr24>
(/Users/takatoosetsuo/ketcindy/ketsample/samples/s07slides/fig/pointoncircle/p0
26.tex) <a3,fr25>)
Package atveryend Info: Empty hook `BeforeClearDocument' on input line 72.

Overfull \vbox (6.44444pt too high) has occurred while \output is active []

Package atenddvi Info: Last page = 3.

[2]
Package atveryend Info: Executing hook `AfterLastShipout' on input line 72.
 (./s0706animate.aux)
Package atveryend Info: Empty hook `AtVeryEndDocument' on input line 72.
Package atveryend Info: Executing hook `AtEndAfterFileList' on input line 72.
Package rerunfilecheck Info: File `s0706animate.out' has not changed.
(rerunfilecheck)             Checksum: D41D8CD98F00B204E9800998ECF8427E;0.
Package atveryend Info: Empty hook `AtVeryVeryEnd' on input line 72.
 ) 
Here is how much of TeX's memory you used:
 14240 strings out of 493693
 260237 string characters out of 6149786
 494692 words of memory out of 5000000
 17400 multiletter control sequences out of 15000+600000
 15235 words of font info for 61 fonts, out of 8000000 for 9000
 929 hyphenation exceptions out of 8191
 48i,12n,65p,10472b,432s stack positions out of 5000i,500n,10000p,200000b,80000s

Output written on s0706animate.dvi (3 pages, 117852 bytes).
