This is e-upTeX, Version 3.14159265-p3.7.1-u1.22-161114-2.6 (utf8.uptex) (TeX Live 2017) (preloaded format=uplatex 2017.7.13)  1 DEC 2017 19:04
entering extended mode
 restricted \write18 enabled.
 %&-line parsing enabled.
**KeTCindyReferenceJ.tex
(./KeTCindyReferenceJ.tex
pLaTeX2e <2017/05/05u01> (based on LaTeX2e <2017-04-15>)
Babel <3.10> and hyphenation patterns for 84 language(s) loaded.
(/usr/local/texlive/2017/texmf-dist/tex/platex/jsclasses/jsarticle.cls
Document Class: jsarticle 2017/03/05 okumura, texjporg
\jsc@mpt=\dimen118
\jsc@mmm=\dimen119
\jsc@smallskipamount=\skip41
LaTeX Info: Redefining \rmfamily on input line 468.
LaTeX Info: Redefining \sffamily on input line 471.
LaTeX Info: Redefining \ttfamily on input line 474.
LaTeX Info: Redefining \textmc on input line 477.
LaTeX Info: Redefining \textgt on input line 479.
\symmincho=\mathgroup4
LaTeX Font Info:    Overwriting symbol font `mincho' in version `bold'
(Font)                  JY2/mc/m/n --> JY2/gt/m/n on input line 540.
LaTeX Font Info:    Font shape `JT2/mc/m/n' will be
(Font)              scaled to size 9.24683pt on input line 731.
LaTeX Font Info:    Font shape `JY2/mc/m/n' will be
(Font)              scaled to size 9.24683pt on input line 731.
\fullwidth=\dimen120
LaTeX Font Info:    Font shape `JT2/mc/m/n' will be
(Font)              scaled to size 7.39746pt on input line 883.
LaTeX Font Info:    Font shape `JY2/mc/m/n' will be
(Font)              scaled to size 7.39746pt on input line 883.
\c@part=\count82
\c@section=\count83
\c@subsection=\count84
\c@subsubsection=\count85
\c@paragraph=\count86
\c@subparagraph=\count87
\@abstractbox=\box42
\c@figure=\count88
\c@table=\count89
\abovecaptionskip=\skip42
\belowcaptionskip=\skip43
\jsc@tocl@width=\dimen121
\@lnumwidth=\dimen122
\bibindent=\dimen123
(/usr/local/texlive/2017/texmf-dist/tex/platex/jsclasses/jslogo.sty
Package: jslogo 2017/02/24 okumura, texjporg
LaTeX Info: Redefining \TeX on input line 94.
LaTeX Info: Redefining \LaTeX on input line 147.
LaTeX Info: Redefining \LaTeXe on input line 200.
)
\heisei=\count90
)
(/usr/local/texlive/2017/texmf-dist/tex/platex/ketpicstyle/ketpic.sty
\c@ketpicctra=\count91
\c@ketpicctrb=\count92
\c@ketpicctrc=\count93
\c@ketpicctrd=\count94
\c@ketpicctre=\count95
\c@ketpicctrf=\count96
\c@ketpicctrg=\count97
\c@ketpicctrh=\count98
\c@ketpicctri=\count99
\c@ketpicctrj=\count100
\Width=\skip44
\Height=\skip45
\Depth=\skip46
)
(/usr/local/texlive/2017/texmf-dist/tex/platex/ketpicstyle/ketlayer.sty
\layercurrentunit=\skip47
)
(/usr/local/texlive/2017/texmf-dist/tex/latex/amsmath/amsmath.sty
Package: amsmath 2016/11/05 v2.16a AMS math features
\@mathmargin=\skip48

For additional information on amsmath, use the `?' option.
(/usr/local/texlive/2017/texmf-dist/tex/latex/amsmath/amstext.sty
Package: amstext 2000/06/29 v2.01 AMS text

(/usr/local/texlive/2017/texmf-dist/tex/latex/amsmath/amsgen.sty
File: amsgen.sty 1999/11/30 v2.0 generic functions
\@emptytoks=\toks15
\ex@=\dimen124
))
(/usr/local/texlive/2017/texmf-dist/tex/latex/amsmath/amsbsy.sty
Package: amsbsy 1999/11/29 v1.2d Bold Symbols
\pmbraise@=\dimen125
)
(/usr/local/texlive/2017/texmf-dist/tex/latex/amsmath/amsopn.sty
Package: amsopn 2016/03/08 v2.02 operator names
)
\inf@bad=\count101
LaTeX Info: Redefining \frac on input line 213.
\uproot@=\count102
\leftroot@=\count103
LaTeX Info: Redefining \overline on input line 375.
\classnum@=\count104
\DOTSCASE@=\count105
LaTeX Info: Redefining \ldots on input line 472.
LaTeX Info: Redefining \dots on input line 475.
LaTeX Info: Redefining \cdots on input line 596.
\Mathstrutbox@=\box43
\strutbox@=\box44
\big@size=\dimen126
LaTeX Font Info:    Redeclaring font encoding OML on input line 712.
LaTeX Font Info:    Redeclaring font encoding OMS on input line 713.
\macc@depth=\count106
\c@MaxMatrixCols=\count107
\dotsspace@=\muskip10
\c@parentequation=\count108
\dspbrk@lvl=\count109
\tag@help=\toks16
\row@=\count110
\column@=\count111
\maxfields@=\count112
\andhelp@=\toks17
\eqnshift@=\dimen127
\alignsep@=\dimen128
\tagshift@=\dimen129
\tagwidth@=\dimen130
\totwidth@=\dimen131
\lineht@=\dimen132
\@envbody=\toks18
\multlinegap=\skip49
\multlinetaggap=\skip50
\mathdisplay@stack=\toks19
LaTeX Info: Redefining \[ on input line 2817.
LaTeX Info: Redefining \] on input line 2818.
)
(/usr/local/texlive/2017/texmf-dist/tex/latex/newtx/newtxmath.sty
Package: newtxmath 2017/02/12 v1.518

`newtxmath' v1.518, 2017/02/12 Math macros based on txfonts (msharpe)
(/usr/local/texlive/2017/texmf-dist/tex/generic/ifxetex/ifxetex.sty
Package: ifxetex 2010/09/12 v0.6 Provides ifxetex conditional
)
(/usr/local/texlive/2017/texmf-dist/tex/generic/oberdiek/ifluatex.sty
Package: ifluatex 2016/05/16 v1.4 Provides the ifluatex switch (HO)
Package ifluatex Info: LuaTeX not detected.
)
(/usr/local/texlive/2017/texmf-dist/tex/latex/xkeyval/xkeyval.sty
Package: xkeyval 2014/12/03 v2.7a package option processing (HA)

(/usr/local/texlive/2017/texmf-dist/tex/generic/xkeyval/xkeyval.tex
(/usr/local/texlive/2017/texmf-dist/tex/generic/xkeyval/xkvutils.tex
\XKV@toks=\toks20
\XKV@tempa@toks=\toks21

(/usr/local/texlive/2017/texmf-dist/tex/generic/xkeyval/keyval.tex))
\XKV@depth=\count113
File: xkeyval.tex 2014/12/03 v2.7a key=value parser (HA)
))
(/usr/local/texlive/2017/texmf-dist/tex/generic/kastrup/binhex.tex)
\tx@Isdigit=\count114
LaTeX Font Info:    Redeclaring symbol font `operators' on input line 153.
LaTeX Font Info:    Overwriting symbol font `operators' in version `normal'
(Font)                  OT1/cmr/m/n --> OT1/cmr/m/n on input line 153.
LaTeX Font Info:    Overwriting symbol font `operators' in version `bold'
(Font)                  OT1/cmr/bx/n --> OT1/cmr/m/n on input line 153.
LaTeX Font Info:    Overwriting symbol font `operators' in version `bold'
(Font)                  OT1/cmr/m/n --> OT1/cmr/b/n on input line 154.
LaTeX Font Info:    Redeclaring math alphabet \mathsf on input line 160.
LaTeX Font Info:    Overwriting math alphabet `\mathsf' in version `normal'
(Font)                  OT1/cmss/m/n --> OT1/cmss/m/n on input line 160.
LaTeX Font Info:    Overwriting math alphabet `\mathsf' in version `bold'
(Font)                  OT1/cmss/bx/n --> OT1/cmss/m/n on input line 160.
LaTeX Font Info:    Redeclaring math alphabet \mathit on input line 161.
LaTeX Font Info:    Overwriting math alphabet `\mathit' in version `normal'
(Font)                  OT1/cmr/m/it --> OT1/cmr/m/it on input line 161.
LaTeX Font Info:    Overwriting math alphabet `\mathit' in version `bold'
(Font)                  OT1/cmr/bx/it --> OT1/cmr/m/it on input line 161.
LaTeX Font Info:    Redeclaring math alphabet \mathtt on input line 162.
LaTeX Font Info:    Overwriting math alphabet `\mathtt' in version `normal'
(Font)                  OT1/cmtt/m/n --> OT1/cmtt/m/n on input line 162.
LaTeX Font Info:    Overwriting math alphabet `\mathtt' in version `bold'
(Font)                  OT1/cmtt/m/n --> OT1/cmtt/m/n on input line 162.
LaTeX Font Info:    Redeclaring math alphabet \mathbf on input line 164.
LaTeX Font Info:    Overwriting math alphabet `\mathbf' in version `normal'
(Font)                  OT1/cmr/bx/n --> OT1/cmr/b/n on input line 164.
LaTeX Font Info:    Overwriting math alphabet `\mathbf' in version `bold'
(Font)                  OT1/cmr/bx/n --> OT1/cmr/b/n on input line 164.
LaTeX Font Info:    Overwriting math alphabet `\mathit' in version `bold'
(Font)                  OT1/cmr/m/it --> OT1/cmr/b/it on input line 165.
LaTeX Font Info:    Overwriting math alphabet `\mathsf' in version `bold'
(Font)                  OT1/cmss/m/n --> OT1/cmss/b/n on input line 166.
LaTeX Font Info:    Overwriting math alphabet `\mathtt' in version `bold'
(Font)                  OT1/cmtt/m/n --> OT1/cmtt/b/n on input line 167.
LaTeX Font Info:    Redeclaring symbol font `letters' on input line 218.
LaTeX Font Info:    Overwriting symbol font `letters' in version `normal'
(Font)                  OML/cmm/m/it --> OML/ntxmi/m/it on input line 218.
LaTeX Font Info:    Overwriting symbol font `letters' in version `bold'
(Font)                  OML/cmm/b/it --> OML/ntxmi/m/it on input line 218.
LaTeX Font Info:    Overwriting symbol font `letters' in version `bold'
(Font)                  OML/ntxmi/m/it --> OML/ntxmi/b/it on input line 219.
\symlettersA=\mathgroup5
LaTeX Font Info:    Overwriting symbol font `lettersA' in version `bold'
(Font)                  U/ntxmia/m/it --> U/ntxmia/b/it on input line 235.
LaTeX Font Info:    Redeclaring symbol font `symbols' on input line 256.
LaTeX Font Info:    Encoding `OMS' has changed to `LMS' for symbol font
(Font)              `symbols' in the math version `normal' on input line 256.
LaTeX Font Info:    Overwriting symbol font `symbols' in version `normal'
(Font)                  OMS/cmsy/m/n --> LMS/ntxsy/m/n on input line 256.
LaTeX Font Info:    Encoding `OMS' has changed to `LMS' for symbol font
(Font)              `symbols' in the math version `bold' on input line 256.
LaTeX Font Info:    Overwriting symbol font `symbols' in version `bold'
(Font)                  OMS/cmsy/b/n --> LMS/ntxsy/m/n on input line 256.
LaTeX Font Info:    Overwriting symbol font `symbols' in version `bold'
(Font)                  LMS/ntxsy/m/n --> LMS/ntxsy/b/n on input line 257.
\symAMSm=\mathgroup6
LaTeX Font Info:    Overwriting symbol font `AMSm' in version `bold'
(Font)                  U/ntxsym/m/n --> U/ntxsym/b/n on input line 280.
\symsymbolsC=\mathgroup7
LaTeX Font Info:    Overwriting symbol font `symbolsC' in version `bold'
(Font)                  U/ntxsyc/m/n --> U/ntxsyc/b/n on input line 301.
LaTeX Font Info:    Redeclaring symbol font `largesymbols' on input line 314.
LaTeX Font Info:    Encoding `OMX' has changed to `LMX' for symbol font
(Font)              `largesymbols' in the math version `normal' on input line 3
14.
LaTeX Font Info:    Overwriting symbol font `largesymbols' in version `normal'
(Font)                  OMX/cmex/m/n --> LMX/ntxexx/m/n on input line 314.
LaTeX Font Info:    Encoding `OMX' has changed to `LMX' for symbol font
(Font)              `largesymbols' in the math version `bold' on input line 314
.
LaTeX Font Info:    Overwriting symbol font `largesymbols' in version `bold'
(Font)                  OMX/cmex/m/n --> LMX/ntxexx/m/n on input line 314.
LaTeX Font Info:    Overwriting symbol font `largesymbols' in version `bold'
(Font)                  LMX/ntxexx/m/n --> LMX/ntxexx/b/n on input line 315.
\symlargesymbolsTXA=\mathgroup8
LaTeX Font Info:    Overwriting symbol font `largesymbolsTXA' in version `bold'

(Font)                  U/ntxexa/m/n --> U/ntxexa/b/n on input line 329.
LaTeX Font Info:    Redeclaring math delimiter \lgroup on input line 500.
LaTeX Font Info:    Redeclaring math delimiter \rgroup on input line 501.
LaTeX Font Info:    Redeclaring math delimiter \lmoustache on input line 502.
LaTeX Font Info:    Redeclaring math delimiter \rmoustache on input line 503.
LaTeX Font Info:    Redeclaring math delimiter \lfloor on input line 509.
LaTeX Font Info:    Redeclaring math delimiter \rfloor on input line 510.
LaTeX Font Info:    Redeclaring math delimiter \lceil on input line 511.
LaTeX Font Info:    Redeclaring math delimiter \rceil on input line 512.
LaTeX Font Info:    Redeclaring math delimiter \lbrace on input line 513.
LaTeX Font Info:    Redeclaring math delimiter \rbrace on input line 514.
LaTeX Font Info:    Redeclaring math delimiter \langle on input line 515.
LaTeX Font Info:    Redeclaring math delimiter \rangle on input line 517.
LaTeX Font Info:    Redeclaring math symbol \mid on input line 519.
LaTeX Font Info:    Redeclaring math delimiter \arrowvert on input line 521.
LaTeX Font Info:    Redeclaring math delimiter \vert on input line 522.
LaTeX Font Info:    Redeclaring math symbol \parallel on input line 523.
LaTeX Font Info:    Redeclaring math delimiter \Arrowvert on input line 524.
LaTeX Font Info:    Redeclaring math delimiter \Vert on input line 525.
LaTeX Font Info:    Redeclaring math delimiter \updownarrow on input line 527.
LaTeX Font Info:    Redeclaring math delimiter \Updownarrow on input line 528.
LaTeX Font Info:    Redeclaring math delimiter \lvert on input line 533.
LaTeX Font Info:    Redeclaring math delimiter \rvert on input line 534.
LaTeX Font Info:    Redeclaring math delimiter \lVert on input line 535.
LaTeX Font Info:    Redeclaring math delimiter \rVert on input line 536.
LaTeX Info: Redefining \not on input line 2099.
)
(/usr/local/texlive/2017/texmf-dist/tex/latex/graphics/graphicx.sty
Package: graphicx 2014/10/28 v1.0g Enhanced LaTeX Graphics (DPC,SPQR)

(/usr/local/texlive/2017/texmf-dist/tex/latex/graphics/graphics.sty
Package: graphics 2017/04/14 v1.1b Standard LaTeX Graphics (DPC,SPQR)

(/usr/local/texlive/2017/texmf-dist/tex/latex/graphics/trig.sty
Package: trig 2016/01/03 v1.10 sin cos tan (DPC)
)
(/usr/local/texlive/2017/texmf-dist/tex/latex/graphics-cfg/graphics.cfg
File: graphics.cfg 2016/06/04 v1.11 sample graphics configuration
)
Package graphics Info: Driver file: dvipdfmx.def on input line 99.

(/usr/local/texlive/2017/texmf-dist/tex/latex/graphics-def/dvipdfmx.def
File: dvipdfmx.def 2016/07/11 v4.12 LaTeX color/graphics driver for dvipdfmx (L
3/ChoF)
))
\Gin@req@height=\dimen133
\Gin@req@width=\dimen134
)
(/usr/local/texlive/2017/texmf-dist/tex/latex/graphics/color.sty
Package: color 2016/07/10 v1.1e Standard LaTeX Color (DPC)

(/usr/local/texlive/2017/texmf-dist/tex/latex/graphics-cfg/color.cfg
File: color.cfg 2016/01/02 v1.6 sample color configuration
)
Package color Info: Driver file: dvipdfmx.def on input line 147.

(/usr/local/texlive/2017/texmf-dist/tex/latex/graphics/dvipsnam.def
File: dvipsnam.def 2016/06/17 v3.0m Driver-dependent file (DPC,SPQR)
))
(/usr/local/texlive/2017/texmf-dist/tex/latex/wrapfig/wrapfig.sty
\wrapoverhang=\dimen135
\WF@size=\dimen136
\c@WF@wrappedlines=\count115
\WF@box=\box45
\WF@everypar=\toks22
Package: wrapfig 2003/01/31  v 3.6
)
(/usr/local/texlive/2017/texmf-dist/tex/latex/hyperref/hyperref.sty
Package: hyperref 2017/03/14 v6.85a Hypertext links for LaTeX

(/usr/local/texlive/2017/texmf-dist/tex/generic/oberdiek/hobsub-hyperref.sty
Package: hobsub-hyperref 2016/05/16 v1.14 Bundle oberdiek, subset hyperref (HO)


(/usr/local/texlive/2017/texmf-dist/tex/generic/oberdiek/hobsub-generic.sty
Package: hobsub-generic 2016/05/16 v1.14 Bundle oberdiek, subset generic (HO)
Package: hobsub 2016/05/16 v1.14 Construct package bundles (HO)
Package: infwarerr 2016/05/16 v1.4 Providing info/warning/error messages (HO)
Package: ltxcmds 2016/05/16 v1.23 LaTeX kernel commands for general use (HO)
Package hobsub Info: Skipping package `ifluatex' (already loaded).
Package: ifvtex 2016/05/16 v1.6 Detect VTeX and its facilities (HO)
Package ifvtex Info: VTeX not detected.
Package: intcalc 2016/05/16 v1.2 Expandable calculations with integers (HO)
Package: ifpdf 2017/03/15 v3.2 Provides the ifpdf switch
Package: etexcmds 2016/05/16 v1.6 Avoid name clashes with e-TeX commands (HO)
Package etexcmds Info: Could not find \expanded.
(etexcmds)             That can mean that you are not using pdfTeX 1.50 or
(etexcmds)             that some package has redefined \expanded.
(etexcmds)             In the latter case, load this package earlier.
Package: kvsetkeys 2016/05/16 v1.17 Key value parser (HO)
Package: kvdefinekeys 2016/05/16 v1.4 Define keys (HO)
Package: pdftexcmds 2017/03/19 v0.25 Utility functions of pdfTeX for LuaTeX (HO
)
Package pdftexcmds Info: LuaTeX not detected.
Package pdftexcmds Info: pdfTeX >= 1.30 not detected.
Package pdftexcmds Info: \pdf@primitive is available.
Package pdftexcmds Info: \pdf@ifprimitive is available.
Package pdftexcmds Info: \pdfdraftmode not found.
Package: pdfescape 2016/05/16 v1.14 Implements pdfTeX's escape features (HO)
Package: bigintcalc 2016/05/16 v1.4 Expandable calculations on big integers (HO
)
Package: bitset 2016/05/16 v1.2 Handle bit-vector datatype (HO)
Package: uniquecounter 2016/05/16 v1.3 Provide unlimited unique counter (HO)
)
Package hobsub Info: Skipping package `hobsub' (already loaded).
Package: letltxmacro 2016/05/16 v1.5 Let assignment for LaTeX macros (HO)
Package: hopatch 2016/05/16 v1.3 Wrapper for package hooks (HO)
Package: xcolor-patch 2016/05/16 xcolor patch
Package: atveryend 2016/05/16 v1.9 Hooks at the very end of document (HO)
Package atveryend Info: \enddocument detected (standard20110627).
Package: atbegshi 2016/06/09 v1.18 At begin shipout hook (HO)
Package: refcount 2016/05/16 v3.5 Data extraction from label references (HO)
Package: hycolor 2016/05/16 v1.8 Color options for hyperref/bookmark (HO)
)
(/usr/local/texlive/2017/texmf-dist/tex/latex/oberdiek/auxhook.sty
Package: auxhook 2016/05/16 v1.4 Hooks for auxiliary files (HO)
)
(/usr/local/texlive/2017/texmf-dist/tex/latex/oberdiek/kvoptions.sty
Package: kvoptions 2016/05/16 v3.12 Key value format for package options (HO)
)
\@linkdim=\dimen137
\Hy@linkcounter=\count116
\Hy@pagecounter=\count117

(/usr/local/texlive/2017/texmf-dist/tex/latex/hyperref/pd1enc.def
File: pd1enc.def 2017/03/14 v6.85a Hyperref: PDFDocEncoding definition (HO)
)
\Hy@SavedSpaceFactor=\count118

(/usr/local/texlive/2017/texmf-dist/tex/latex/latexconfig/hyperref.cfg
File: hyperref.cfg 2002/06/06 v1.2 hyperref configuration of TeXLive
)
Package hyperref Info: Option `bookmarks' set `false' on input line 4374.
Package hyperref Info: Option `colorlinks' set `true' on input line 4374.
Package hyperref Info: Hyper figures OFF on input line 4498.
Package hyperref Info: Link nesting OFF on input line 4503.
Package hyperref Info: Hyper index ON on input line 4506.
Package hyperref Info: Plain pages OFF on input line 4513.
Package hyperref Info: Backreferencing OFF on input line 4518.
Package hyperref Info: Implicit mode ON; LaTeX internals redefined.
Package hyperref Info: Bookmarks OFF on input line 4757.
\c@Hy@tempcnt=\count119

(/usr/local/texlive/2017/texmf-dist/tex/latex/url/url.sty
\Urlmuskip=\muskip11
Package: url 2013/09/16  ver 3.4  Verb mode for urls, etc.
)
LaTeX Info: Redefining \url on input line 5104.
\XeTeXLinkMargin=\dimen138
\Fld@menulength=\count120
\Field@Width=\dimen139
\Fld@charsize=\dimen140
Package hyperref Info: Hyper figures OFF on input line 6358.
Package hyperref Info: Link nesting OFF on input line 6363.
Package hyperref Info: Hyper index ON on input line 6366.
Package hyperref Info: backreferencing OFF on input line 6373.
Package hyperref Info: Link coloring ON on input line 6376.
Package hyperref Info: Link coloring with OCG OFF on input line 6383.
Package hyperref Info: PDF/A mode OFF on input line 6388.
LaTeX Info: Redefining \ref on input line 6428.
LaTeX Info: Redefining \pageref on input line 6432.
\Hy@abspage=\count121
\c@Item=\count122
\c@Hfootnote=\count123
)

Package hyperref Message: Driver: hdvipdfm.

(/usr/local/texlive/2017/texmf-dist/tex/latex/hyperref/hdvipdfm.def
File: hdvipdfm.def 2017/03/14 v6.85a Hyperref driver for dvipdfm
\pdfm@box=\box46
\c@Hy@AnnotLevel=\count124
\HyField@AnnotCount=\count125
\Fld@listcount=\count126
\c@bookmark@seq@number=\count127

(/usr/local/texlive/2017/texmf-dist/tex/latex/oberdiek/rerunfilecheck.sty
Package: rerunfilecheck 2016/05/16 v1.8 Rerun checks for auxiliary files (HO)
Package uniquecounter Info: New unique counter `rerunfilecheck' on input line 2
82.
)
\Hy@SectionHShift=\skip51
)
(/usr/local/texlive/2017/texmf-dist/tex/latex/setspace/setspace.sty
Package: setspace 2011/12/19 v6.7a set line spacing
)
(./KeTCindyReferenceJ.aux)
\openout1 = `KeTCindyReferenceJ.aux'.

LaTeX Font Info:    Checking defaults for OML/ntxmi/m/it on input line 12.
LaTeX Font Info:    Try loading font information for OML+ntxmi on input line 12
.

(/usr/local/texlive/2017/texmf-dist/tex/latex/newtx/omlntxmi.fd
File: omlntxmi.fd 2015/08/25 Fontinst v1.933 font definitions for OML/ntxmi.
)
LaTeX Font Info:    ... okay on input line 12.
LaTeX Font Info:    Checking defaults for T1/cmr/m/n on input line 12.
LaTeX Font Info:    ... okay on input line 12.
LaTeX Font Info:    Checking defaults for OT1/cmr/m/n on input line 12.
LaTeX Font Info:    ... okay on input line 12.
LaTeX Font Info:    Checking defaults for OMS/cmsy/m/n on input line 12.
LaTeX Font Info:    ... okay on input line 12.
LaTeX Font Info:    Checking defaults for OMX/cmex/m/n on input line 12.
LaTeX Font Info:    ... okay on input line 12.
LaTeX Font Info:    Checking defaults for U/ntxexa/m/n on input line 12.
LaTeX Font Info:    Try loading font information for U+ntxexa on input line 12.


(/usr/local/texlive/2017/texmf-dist/tex/latex/newtx/untxexa.fd
File: untxexa.fd 2012/04/16 Fontinst v1.933 font definitions for U/ntxexa.
)
LaTeX Font Info:    ... okay on input line 12.
LaTeX Font Info:    Checking defaults for JY2/mc/m/n on input line 12.
LaTeX Font Info:    ... okay on input line 12.
LaTeX Font Info:    Checking defaults for JT2/mc/m/n on input line 12.
LaTeX Font Info:    ... okay on input line 12.
LaTeX Font Info:    Checking defaults for LMS/ntxsy/m/n on input line 12.
LaTeX Font Info:    Try loading font information for LMS+ntxsy on input line 12
.

(/usr/local/texlive/2017/texmf-dist/tex/latex/newtx/lmsntxsy.fd
File: lmsntxsy.fd 2016/07/02 Fontinst v1.933 font definitions for LMS/ntxsy.
)
LaTeX Font Info:    ... okay on input line 12.
LaTeX Font Info:    Checking defaults for LMX/ntxexx/m/n on input line 12.
LaTeX Font Info:    Try loading font information for LMX+ntxexx on input line 1
2.

(/usr/local/texlive/2017/texmf-dist/tex/latex/newtx/lmxntxexx.fd
File: lmxntxexx.fd 2016/07/03 Fontinst v1.933 font definitions for LMX/ntxexx.
)
LaTeX Font Info:    ... okay on input line 12.
LaTeX Font Info:    Checking defaults for PD1/pdf/m/n on input line 12.
LaTeX Font Info:    ... okay on input line 12.
\AtBeginShipoutBox=\box47
Package hyperref Info: Link coloring ON on input line 12.

(/usr/local/texlive/2017/texmf-dist/tex/latex/hyperref/nameref.sty
Package: nameref 2016/05/21 v2.44 Cross-referencing by name of section

(/usr/local/texlive/2017/texmf-dist/tex/generic/oberdiek/gettitlestring.sty
Package: gettitlestring 2016/05/16 v1.5 Cleanup title references (HO)
)
\c@section@level=\count128
)
LaTeX Info: Redefining \ref on input line 12.
LaTeX Info: Redefining \pageref on input line 12.
LaTeX Info: Redefining \nameref on input line 12.
LaTeX Font Info:    Font shape `JT2/mc/m/n' will be
(Font)              scaled to size 15.9785pt on input line 16.
LaTeX Font Info:    Font shape `JY2/mc/m/n' will be
(Font)              scaled to size 15.9785pt on input line 16.
LaTeX Font Info:    Font shape `JT2/mc/m/n' will be
(Font)              scaled to size 11.09619pt on input line 16.
LaTeX Font Info:    Font shape `JY2/mc/m/n' will be
(Font)              scaled to size 11.09619pt on input line 16.
LaTeX Font Info:    Font shape `JY2/mc/m/n' will be
(Font)              scaled to size 8.1372pt on input line 16.
LaTeX Font Info:    Font shape `JY2/mc/m/n' will be
(Font)              scaled to size 6.1029pt on input line 16.
LaTeX Font Info:    Try loading font information for U+ntxmia on input line 16.


(/usr/local/texlive/2017/texmf-dist/tex/latex/newtx/untxmia.fd
File: untxmia.fd 2016/01/31 Fontinst v1.933 font definitions for U/ntxmia.
)
LaTeX Font Info:    Try loading font information for U+ntxsym on input line 16.


(/usr/local/texlive/2017/texmf-dist/tex/latex/newtx/untxsym.fd
File: untxsym.fd 2015/03/20 Fontinst v1.933 font definitions for U/ntxsym.
)
LaTeX Font Info:    Try loading font information for U+ntxsyc on input line 16.


(/usr/local/texlive/2017/texmf-dist/tex/latex/newtx/untxsyc.fd
File: untxsyc.fd 2012/04/12 Fontinst v1.933 font definitions for U/ntxsyc.
)
LaTeX Font Info:    Font shape `JT2/gt/m/n' will be
(Font)              scaled to size 9.24683pt on input line 18.
LaTeX Font Info:    Font shape `JY2/gt/m/n' will be
(Font)              scaled to size 9.24683pt on input line 18.
LaTeX Font Info:    Font shape `JT2/mc/m/n' will be
(Font)              scaled to size 13.31541pt on input line 18.
LaTeX Font Info:    Font shape `JY2/mc/m/n' will be
(Font)              scaled to size 13.31541pt on input line 18.
LaTeX Font Info:    Font shape `JT2/gt/m/n' will be
(Font)              scaled to size 13.31541pt on input line 18.
LaTeX Font Info:    Font shape `JY2/gt/m/n' will be
(Font)              scaled to size 13.31541pt on input line 18.

(./KeTCindyReferenceJ.toc

LaTeX Font Warning: Font shape `OT1/cmr/m/n' in size <5.5> not available
(Font)              size <5> substituted on input line 2.

LaTeX Font Info:    Font shape `JY2/mc/m/n' will be
(Font)              scaled to size 6.75018pt on input line 2.
LaTeX Font Info:    Font shape `JY2/mc/m/n' will be
(Font)              scaled to size 5.08575pt on input line 2.
[1

])
\tf@toc=\write3
\openout3 = `KeTCindyReferenceJ.toc'.

 [2]
LaTeX Font Info:    Font shape `JT2/gt/m/n' will be
(Font)              scaled to size 11.09619pt on input line 24.
LaTeX Font Info:    Font shape `JY2/gt/m/n' will be
(Font)              scaled to size 11.09619pt on input line 24.
LaTeX Font Info:    Font shape `JT2/mc/m/n' will be
(Font)              scaled to size 6.75018pt on input line 25.
 (./Fig/concept.tex)
Overfull \hbox (5.94884pt too wide) in paragraph at lines 403--28
[][] 
 []

File: Fig/slot.png Graphic file (type bmp)
<Fig/slot.png> [3] [4]

LaTeX Warning: File `Cindytool/move.png' not found on input line 63.

File: Cindytool/move.png Graphic file (type bmp)
<Cindytool/move.png>

LaTeX Warning: File `Cindytool/single-add.png' not found on input line 64.

File: Cindytool/single-add.png Graphic file (type bmp)
<Cindytool/single-add.png>

LaTeX Warning: File `Cindytool/multi-add-line.png' not found on input line 65.

File: Cindytool/multi-add-line.png Graphic file (type bmp)
<Cindytool/multi-add-line.png>

LaTeX Warning: File `Cindytool/segment.png' not found on input line 66.

File: Cindytool/segment.png Graphic file (type bmp)
<Cindytool/segment.png>

LaTeX Warning: File `Cindytool/middle.png' not found on input line 67.

File: Cindytool/middle.png Graphic file (type bmp)
<Cindytool/middle.png>

LaTeX Warning: File `Cindytool/intersection.png' not found on input line 68.

File: Cindytool/intersection.png Graphic file (type bmp)
<Cindytool/intersection.png>

LaTeX Warning: File `Cindytool/multi-add-parallel.png' not found on input line 
69.

File: Cindytool/multi-add-parallel.png Graphic file (type bmp)
<Cindytool/multi-add-parallel.png>

LaTeX Warning: File `Cindytool/multi-add-perp.png' not found on input line 70.

File: Cindytool/multi-add-perp.png Graphic file (type bmp)
<Cindytool/multi-add-perp.png>

LaTeX Warning: File `Cindytool/bisector.png' not found on input line 71.

File: Cindytool/bisector.png Graphic file (type bmp)
<Cindytool/bisector.png>

LaTeX Warning: File `Cindytool/multi-add-circle.png' not found on input line 72
.

File: Cindytool/multi-add-circle.png Graphic file (type bmp)
<Cindytool/multi-add-circle.png>

LaTeX Warning: File `Cindytool/circle-by-radius.png' not found on input line 73
.

File: Cindytool/circle-by-radius.png Graphic file (type bmp)
<Cindytool/circle-by-radius.png>

LaTeX Warning: File `Cindytool/ellipse-by-foci.png' not found on input line 74.


File: Cindytool/ellipse-by-foci.png Graphic file (type bmp)
<Cindytool/ellipse-by-foci.png>

LaTeX Warning: File `Cindytool/hyperbola-by-foci.png' not found on input line 7
5.

File: Cindytool/hyperbola-by-foci.png Graphic file (type bmp)
<Cindytool/hyperbola-by-foci.png>

LaTeX Warning: File `Cindytool/parabola-by-foci.png' not found on input line 76
.

File: Cindytool/parabola-by-foci.png Graphic file (type bmp)
<Cindytool/parabola-by-foci.png>

LaTeX Warning: File `Cindytool/polygon.png' not found on input line 77.

File: Cindytool/polygon.png Graphic file (type bmp)
<Cindytool/polygon.png>

LaTeX Warning: File `Cindytool/angle-mark.png' not found on input line 78.

File: Cindytool/angle-mark.png Graphic file (type bmp)
<Cindytool/angle-mark.png>

LaTeX Warning: File `Cindytool/angle.png' not found on input line 79.

File: Cindytool/angle.png Graphic file (type bmp)
<Cindytool/angle.png>

LaTeX Warning: File `Cindytool/delete.png' not found on input line 80.

File: Cindytool/delete.png Graphic file (type bmp)
<Cindytool/delete.png>

LaTeX Warning: File `Cindytool/select-points.png' not found on input line 81.

File: Cindytool/select-points.png Graphic file (type bmp)
<Cindytool/select-points.png>

LaTeX Warning: File `Cindytool/select-lines.png' not found on input line 82.

File: Cindytool/select-lines.png Graphic file (type bmp)
<Cindytool/select-lines.png>

LaTeX Warning: File `Cindytool/mirror.png' not found on input line 85.

File: Cindytool/mirror.png Graphic file (type bmp)
<Cindytool/mirror.png>

LaTeX Warning: File `Cindytool/polar-of-point.png' not found on input line 86.

File: Cindytool/polar-of-point.png Graphic file (type bmp)
<Cindytool/polar-of-point.png>

LaTeX Warning: File `Cindytool/translate-view.png' not found on input line 89.

File: Cindytool/translate-view.png Graphic file (type bmp)
<Cindytool/translate-view.png>

LaTeX Warning: File `Cindytool/zoom-in.png' not found on input line 90.

File: Cindytool/zoom-in.png Graphic file (type bmp)
<Cindytool/zoom-in.png>

LaTeX Warning: File `Cindytool/zoom-out.png' not found on input line 91.

File: Cindytool/zoom-out.png Graphic file (type bmp)
<Cindytool/zoom-out.png>

LaTeX Warning: File `Cindytool/snap.png' not found on input line 92.

File: Cindytool/snap.png Graphic file (type bmp)
<Cindytool/snap.png> [5] [6]
LaTeX Font Info:    Font shape `JT2/mc/bx/n' in size <10> not available
(Font)              Font shape `JT2/gt/m/n' tried instead on input line 126.
LaTeX Font Info:    Font shape `JT2/gt/m/n' will be
(Font)              scaled to size 9.24683pt on input line 126.
LaTeX Font Info:    Font shape `JY2/mc/bx/n' in size <10> not available
(Font)              Font shape `JY2/gt/m/n' tried instead on input line 126.
LaTeX Font Info:    Font shape `JY2/gt/m/n' will be
(Font)              scaled to size 9.24683pt on input line 126.
 [7] [8] (./Fig/addax1.tex) (./Fig/addax2.tex)
[9] [10] (./Fig/deffun.tex) [11] (./Fig/drwxy.tex) (./Fig/fontsize.tex
LaTeX Font Info:    Font shape `JT2/mc/m/n' will be
(Font)              scaled to size 4.62341pt on input line 28.
LaTeX Font Info:    Font shape `JY2/mc/m/n' will be
(Font)              scaled to size 4.62341pt on input line 28.
LaTeX Font Info:    Font shape `JT2/mc/m/n' will be
(Font)              scaled to size 6.47278pt on input line 34.
LaTeX Font Info:    Font shape `JY2/mc/m/n' will be
(Font)              scaled to size 6.47278pt on input line 34.
LaTeX Font Info:    Font shape `JT2/mc/m/n' will be
(Font)              scaled to size 8.32214pt on input line 40.
LaTeX Font Info:    Font shape `JY2/mc/m/n' will be
(Font)              scaled to size 8.32214pt on input line 40.
LaTeX Font Info:    Font shape `JT2/mc/m/n' will be
(Font)              scaled to size 19.17792pt on input line 58.
LaTeX Font Info:    Font shape `JY2/mc/m/n' will be
(Font)              scaled to size 19.17792pt on input line 58.
LaTeX Font Info:    Font shape `JT2/mc/m/n' will be
(Font)              scaled to size 23.0061pt on input line 64.
LaTeX Font Info:    Font shape `JY2/mc/m/n' will be
(Font)              scaled to size 23.0061pt on input line 64.
)
[12] (./Fig/pointsize.tex) [13] [14] (./Fig/setax(theta).tex) [15] [16]
File: Fig/setcolor.pdf Graphic file (type pdf)

<Fig/setcolor.pdf> (./Fig/colortable1-34.tex)
Overfull \hbox (27.74072pt too wide) in paragraph at lines 393--397
[][] 
 []

[17] (./Fig/colortable35-68.tex)
Overfull \hbox (27.74072pt too wide) in paragraph at lines 399--405
[][]
 []

[18]
File: Fig/setorigin.png Graphic file (type bmp)
 <Fig/setorigin.png> (./Fig/setorigin.tex) [19] (./Fig/setscaling.tex)
(./Fig/setscaling.tex) (./Fig/setscaling.tex) (./Fig/setscaling.tex) [20]
[21] [22] (./Fig/anglemark.tex) [23] (./Fig/arrowdata.tex) [24]
(./Fig/ForRef-Arrowhead-1.tex) (./Fig/ForRef-Arrowhead-1.tex)
(./Fig/ForRef-Arrowhead-1.tex) (./Fig/ForRef-Arrowhead-1.tex)
(./Fig/ForRef-Arrowhead-ya1.tex) (./Fig/ForRef-Arrowhead-ya1.tex)
(./Fig/ForRef-Arrowhead-ya1.tex) (./Fig/ForRef-Arrowhead-ya1.tex)
(./Fig/ForRef-Arrowhead-2.tex) (./Fig/ForRef-Arrowhead-2.tex)
(./Fig/ForRef-Arrowhead-2.tex) (./Fig/ForRef-Arrowhead-2.tex)
(./Fig/ForRef-Arrowhead-3.tex) (./Fig/ForRef-Arrowhead-3.tex)
(./Fig/ForRef-Arrowhead-3.tex) (./Fig/ForRef-Arrowhead-3.tex)
(./Fig/ForRef-Arrowhead-4.tex) (./Fig/ForRef-Arrowhead-4.tex)
(./Fig/ForRef-Arrowhead-4.tex) (./Fig/ForRef-Arrowhead-4.tex)
(./Fig/ForRef-Arrowhead-5.tex) (./Fig/ForRef-Arrowhead-5.tex)
(./Fig/ForRef-Arrowhead-5.tex) (./Fig/ForRef-Arrowhead-5.tex)
(./Fig/ForRef-Arrowhead-6.tex) (./Fig/ForRef-Arrowhead-6.tex)
(./Fig/ForRef-Arrowhead-6.tex) (./Fig/ForRef-Arrowhead-6.tex)
(./Fig/ForRef-Arrowhead-7.tex) (./Fig/ForRef-Arrowhead-7.tex)
(./Fig/ForRef-Arrowhead-7.tex) (./Fig/ForRef-Arrowhead-7.tex)
(./Fig/ForRef-Arrowhead-8.tex) (./Fig/ForRef-Arrowhead-8.tex)
(./Fig/ForRef-Arrowhead-8.tex) (./Fig/ForRef-Arrowhead-8.tex)
(./Fig/ForRef-Arrowhead-9.tex) (./Fig/ForRef-Arrowhead-9.tex)
(./Fig/ForRef-Arrowhead-9.tex) (./Fig/ForRef-Arrowhead-9.tex)
(./Fig/ForRef-Arrowhead-10.tex) (./Fig/ForRef-Arrowhead-10.tex)
(./Fig/ForRef-Arrowhead-10.tex) (./Fig/ForRef-Arrowhead-10.tex)
(./Fig/checkbe1.tex) (./Fig/checkbe1.tex) (./Fig/checkbe1.tex)
(./Fig/checkbe1.tex) (./Fig/checkbe2.tex) (./Fig/checkbe2.tex)
(./Fig/checkbe2.tex) (./Fig/checkbe2.tex) [25] (./Fig/checkbe3.tex)
(./Fig/checkbe3.tex) (./Fig/checkbe3.tex) (./Fig/checkbe3.tex)
(./Fig/checkbe4.tex) (./Fig/checkbe4.tex) (./Fig/checkbe4.tex)
(./Fig/checkbe4.tex) (./Fig/checkbe7.tex) (./Fig/checkbe7.tex)
(./Fig/checkbe7.tex) (./Fig/checkbe7.tex) (./Fig/checkbe5.tex)
(./Fig/checkbe5.tex) (./Fig/checkbe5.tex) (./Fig/checkbe5.tex)
(./Fig/checkbe6.tex) (./Fig/checkbe6.tex) (./Fig/checkbe6.tex)
(./Fig/checkbe6.tex) (./Fig/checkbe8.tex) (./Fig/checkbe8.tex)
(./Fig/checkbe8.tex) (./Fig/checkbe8.tex) [26] (./Fig/checksm1.tex)
(./Fig/checksm1.tex) (./Fig/checksm1.tex) (./Fig/checksm1.tex)
(./Fig/checksm2.tex) (./Fig/checksm2.tex) (./Fig/checksm2.tex)
(./Fig/checksm2.tex) (./Fig/checksy1.tex) (./Fig/checksy1.tex)
(./Fig/checksy1.tex) (./Fig/checksy1.tex) [27] (./Fig/checksy2.tex)
(./Fig/checksy2.tex) (./Fig/checksy2.tex) (./Fig/checksy2.tex)
(./Fig/bowdata.tex) [28] (./Fig/bowdata2.tex) (./Fig/checkbs1.tex) [29]
(./Fig/checkbs2.tex)
Underfull \hbox (badness 10000) in paragraph at lines 884--891
[]\JY2/mc/m/n/10 　 \OT1/cmtt/m/n/10 Bezier("1",[(D+A)/2,(A+B)/2,(B+C)/2,(C+D)
/2,(D+A)/2],[A,B,C,D]);
 []

(./Fig/checkCR.tex)
Overfull \hbox (187.03534pt too wide) in paragraph at lines 899--903
[]\JY2/mc/m/n/10 　　　[]
 []

[30] (./Fig/circledata1.tex) (./Fig/circledata2.tex) [31]
(./Fig/circledata3.tex) [32] (./Fig/circledata4.tex) (./Fig/circledata5.tex)
[33] (./Fig/crosspoint.tex) [34] (./Fig/deqplot1.tex) (./Fig/deqplot2.tex)
(./Fig/deqplot3.tex) [35] (./Fig/drawpoint.tex) [36] (./Fig/segmark.tex)
(./Fig/expr.tex) [37] (./Fig/intlog.tex) [38] (./Fig/ellipseplot1.tex) [39]
(./Fig/ellipseplot2.tex) [40] (./Fig/hyper1.tex)
File: Fig/parabolaplot.png Graphic file (type bmp)
 <Fig/parabolaplot.png>
[41] (./Fig/parabolaplot.tex) [42] (./Fig/ovaldata.tex) [43]
(./Fig/htickmark.tex) [44] (./Fig/letter4.tex) [45] (./Fig/lineplot.tex)
[46] [47] (./Fig/listplot3.tex) (./Fig/listplot1.tex) [48]
Overfull \hbox (6.52509pt too wide) in paragraph at lines 1413--1413
 []\JY2/gt/m/n/10 　 \OT1/cmtt/m/n/10 Expr([[-2*pi,-0.5],"s","-2\pi",[-pi,-0.5
],"s","-\pi",[pi,-0.5],"s",[] 
 []

(./Fig/fourier.tex) (./Fig/listplot2.tex) [49] [50] (./Fig/checkmc1.tex)
(./Fig/checkmc1.tex) (./Fig/checkmc1.tex) (./Fig/checkmc1.tex)
Overfull \hbox (5.87814pt too wide) in paragraph at lines 1461--1462
[][]\OT1/cmtt/m/n/10 Mkbeziercrv("5",[[[A,B,C],[[D],[E,F]]],[[G,H,K,L],[[M],[N,
O],[P]]]]); 
 []


Overfull \hbox (0.62819pt too wide) in paragraph at lines 1469--1469
 []\OT1/cmtt/m/n/10 ptlist2=[G,H,K,L];ctrlist2=[[M],[N,O],[P]];list2=[ptlist2,c
trlist2];[] 
 []

(./Fig/checkb8.tex) (./Fig/checkb8.tex) (./Fig/checkb8.tex) (./Fig/checkb8.tex)
(./Fig/checkb11.tex) (./Fig/checkb11.tex) (./Fig/checkb11.tex)
(./Fig/checkb11.tex) [51] (./Fig/checkb9.tex) (./Fig/checkb9.tex)
(./Fig/checkb9.tex) (./Fig/checkb9.tex) (./Fig/checkb10.tex)
(./Fig/checkb10.tex) (./Fig/checkb10.tex) (./Fig/checkb10.tex) [52]
(./Fig/paramark.tex) (./Fig/paramplot1.tex) [53] (./Fig/paramplot2.tex)
(./Fig/plotdata1.tex) (./Fig/plotdata2.tex) [54] (./Fig/plotdata3.tex)
(./Fig/plotdata4.tex) [55] (./Fig/plotdata5.tex) [56] (./Fig/assign.tex)
[57] (./Fig/pointdata.tex) [58] (./Fig/putintersect.tex) [59]
(./Fig/reflectpoint.tex) [60] (./Fig/rotatepoint.tex) [61] (./Fig/ruler.tex)
(./Fig/scalepoint.tex) [62] (./Fig/translatepoint.tex
Missing character: There is no ^^81 in font cmr10!
Missing character: There is no ^^81 in font cmr10!
Missing character: There is no ^^81 in font cmr10!
Missing character: There is no ^^81 in font cmr10!
Missing character: There is no ^^81 in font cmr10!
Missing character: There is no ^^81 in font cmr10!
Missing character: There is no ^^81 in font cmr10!
Missing character: There is no ^^81 in font cmr10!
Missing character: There is no ^^81 in font cmr10!
Missing character: There is no ^^81 in font cmr10!
Missing character: There is no ^^81 in font cmr10!
Missing character: There is no ^^81 in font cmr10!
Missing character: There is no ^^81 in font cmr10!
Missing character: There is no ^^81 in font cmr10!
Missing character: There is no ^^81 in font cmr10!
Missing character: There is no ^^81 in font cmr10!
) [63]
(./Fig/enclosing.tex) [64] (./Fig/addgraph.tex) [65]
Overfull \hbox (15.6795pt too wide) in paragraph at lines 1947--1947
 []\JY2/gt/m/n/10 　　 \OT1/cmtt/m/n/10 Hatchdata("1",["ioi"],[["crAB"],["gp1
"],["gp2"]],["dr,0.7","out"]);[] 
 []


Overfull \hbox (15.6795pt too wide) in paragraph at lines 1947--1947
 []\JY2/gt/m/n/10 　　 \OT1/cmtt/m/n/10 Hatchdata("2",["iio"],[["crAB"],["gp1
"],["gp2"]],["dr,0.7","out"]);[] 
 []

(./Fig/hatch1.tex) (./Fig/hatch2.tex) [66] (./Fig/hatch3.tex) (./Fig/hatch4.tex
) [67]
Overfull \hbox (26.17941pt too wide) in paragraph at lines 1996--1996
 []\JY2/gt/m/n/10 　　 \OT1/cmtt/m/n/10 Hatchdata("1",["ii"],[["part1","n"],[
"part2","s"]],["dr,0.7","out"]);[] 
 []

(./Fig/hatch5.tex) [68] (./Fig/HatchZuKita1.tex) (./Fig/HatchZuKita2.tex)
(./Fig/HatchZuKita3.tex) (./Fig/HatchZuKita4.tex) (./Fig/HatchZuKita5.tex)
(./Fig/HatchZuKita6.tex) [69] (./Fig/HatchZuKita7.tex) (./Fig/HatchZuKita8.tex)
(./Fig/HatchZuKita9.tex)
Overfull \hbox (10.42955pt too wide) in paragraph at lines 2049--2049
 []\JY2/gt/m/n/10 　　 \OT1/cmtt/m/n/10 Hatchdata("9b",["ioo"],[["crAB"],["ln
1","n"],["ln2","n"]],[90,2]);[] 
 []

[70] (./Fig/joincrvs.tex) [71] (./Fig/partcrv1.tex) (./Fig/partcrv2.tex)
(./Fig/partcrv3.tex)
Overfull \hbox (11.38048pt too wide) in paragraph at lines 134--2118
 [] 
 []

(./Fig/partcrv4.tex)
Overfull \hbox (11.38048pt too wide) in paragraph at lines 137--2125
 [] 
 []

[72] (./Fig/partcrv.tex) (./Fig/putoncurve.tex) [73] [74]
(./Fig/reflectdata.tex) (./Fig/rotatedata.tex) [75] (./Fig/scaledata.tex)
[76] (./Fig/shade.tex) (./Fig/shade01.tex) [77] (./Fig/translatedata.tex)
[78] (./Fig/derivative.tex) [79] [80]
Overfull \hbox (1.13112pt too wide) in paragraph at lines 2394--2394
 []\JY2/gt/m/n/10 　　　 \OT1/cmtt/m/n/10 dx=Derivative("fx(t)","t",t0); \JY
2/gt/m/n/10 　 \OT1/cmtt/m/n/10 dy=Derivative("fy(t)","t",t0);[] 
 []

(./Fig/inversefun.tex) [81]
File: Fig/table01.png Graphic file (type bmp)
 <Fig/table01.png> (./Fig/table02.tex) [82]
File: Fig/table03.png Graphic file (type bmp)

<Fig/table03.png> [83] (./Fig/tableseg.tex) [84] (./Fig/putcell.tex) [85]
(./Fig/putcol.tex) [86] (./Fig/tablesample1.tex) [87] [88]
Overfull \hbox (78.67896pt too wide) in paragraph at lines 2614--2614
 []\JY2/gt/m/n/10 　　 \OT1/cmtt/m/n/10 Rmv=["c1r0r1","c2r0r1","c3r0r1","c4r0
r1","c5r0r1", "r1c6c7","r2c6c7","r3c6c7"];[] 
 []


Overfull \hbox (10.42955pt too wide) in paragraph at lines 2614--2614
 []\JY2/gt/m/n/10 　　 \OT1/cmtt/m/n/10 Putrowexpr(4,"c",["y",0,"\searrow","-
\tfrac{1}{4}","\nearrow",2]);[] 
 []


Overfull \hbox (26.17941pt too wide) in paragraph at lines 2614--2614
 []\JY2/gt/m/n/10 　　 \OT1/cmtt/m/n/10 Putcell(1,1,"l2t2","{\small\begin{min
ipage}{44mm}$y=x-\sqrt{x}$\\$y`=[] 
 []


Overfull \hbox (16.43086pt too wide) in paragraph at lines 2614--2614
 []\JY2/gt/m/n/10 　　\OT1/cmtt/m/n/10 \dfrac{2\sqrt{x}-1}{2\sqrt{x}}=0$|\JY2
/gt/m/n/10 より\OT1/cmtt/m/n/10 \vspace{1mm}\\\hspace*{2zw}$x=[] 
 []


Overfull \hbox (4.32146pt too wide) in paragraph at lines 2614--2614
 []\JY2/gt/m/n/10 　　\OT1/cmtt/m/n/10 \dfrac{1}{4}$\vspace{1mm}\\\JY2/gt/m/n
/10 増減表は次のようになる\OT1/cmtt/m/n/10 \end{minipage}}" );[] 
 []

(./Fig/tablesample2.tex) [89] (./Fig/settable1.tex) (./Fig/settable2.tex)
[90] [91] [92] (./Fig/Intersectcrvs1.tex) [93] (./Fig/Nearestpt.tex) [94]
(./Fig/Nearestpt1.tex)
Overfull \hbox (10.42955pt too wide) in paragraph at lines 2788--2801
[]\JY2/mc/m/n/10 　　[] \OT1/cmtt/m/n/10 Lineplot("4",[Ptstart(gr1),Ptcrv(0.2
5*Numptcrv(gr1),gr1)],["da"]); 
 []


Overfull \hbox (5.1796pt too wide) in paragraph at lines 2788--2801
[]\JY2/mc/m/n/10 　　[] \OT1/cmtt/m/n/10 Lineplot("5",[Ptstart(gr1),Ptcrv(0.5
*Numptcrv(gr1),gr1)],["da"]); 
 []


Overfull \hbox (10.42955pt too wide) in paragraph at lines 2788--2801
[]\JY2/mc/m/n/10 　　[] \OT1/cmtt/m/n/10 Lineplot("6",[Ptstart(gr1),Ptcrv(0.7
5*Numptcrv(gr1),gr1)],["da"]); 
 []

[95] (./Fig/numptcrv.tex) (./Fig/paramoncrv.tex) [96] (./Fig/pointoncrv.tex)
[97] (./Fig/ptcrv.tex) (./Fig/ptstart.tex) [98] [99] [100] [101] [102]
(./Fig/assign.tex)
Overfull \hbox (3.27957pt too wide) in paragraph at lines 3016--3034
[]\JY2/mc/m/n/10 　　\OT1/cmtt/m/n/10 \includegraphics[bb=0.00 0.00 578.16 59
2.56,height=40mm]{fig.jpg} 
 []

[103] [104] [105] [106] [107] [108]
LaTeX Font Info:    Try loading font information for OMS+cmr on input line 3212
.

(/usr/local/texlive/2017/texmf-dist/tex/latex/base/omscmr.fd
File: omscmr.fd 2014/09/29 v2.5h Standard LaTeX font definitions
)
LaTeX Font Info:    Font shape `OMS/cmr/m/n' in size <10> not available
(Font)              Font shape `OMS/cmsy/m/n' tried instead on input line 3212.

 [109] [110]
(./Fig/boxplot.tex) [111] [112] (./Fig/poison01.tex) [113] [114]
(./Fig/histgram.tex) [115] [116] (./Fig/rshade.tex)
Overfull \hbox (20.92946pt too wide) in paragraph at lines 3456--3456
 []\JY2/gt/m/n/10 　　 \OT1/cmtt/m/n/10 PlotdataR("1","dnorm(x,10*0.4,sqrt(10
*0.4*0.6))","x=[0,10]",["do"]);[] 
 []

(./Fig/binvsnormal.tex) [117] [118] (./Fig/scatter.tex) [119] [120] [121]
(./Fig/maxfun01.tex) [122] (./Fig/maxfun02.tex)
Overfull \hbox (5.1796pt too wide) in paragraph at lines 3621--3629
[]\JY2/mc/m/n/10 　　[] \OT1/cmtt/m/n/10 [batch,["/Applications/ketcindy/ketl
ib/maximaL/fourier_sec.max"]] 
 []

[123] [124] (./Fig/taylor.tex) [125] [126]
File: Fig/mxtex01.png Graphic file (type bmp)
 <Fig/mxtex01.png> (./Fig/mxtex02.tex) [127] (./Fig/mxtex03.tex) [128] [129] [1
30] [131] [132] [133]
File: Fig/tab2list01.png Graphic file (type bmp)

<Fig/tab2list01.png>
File: Fig/tab2list02.png Graphic file (type bmp)
 <Fig/tab2list02.png>
File: Fig/tab2list001.png Graphic file (type bmp)
 <Fig/tab2list001.png>
File: Fig/tab2list00.png Graphic file (type bmp)

<Fig/tab2list00.png> [134]
File: Fig/tab2list03.png Graphic file (type bmp)
 <Fig/tab2list03.png>
File: Fig/tab2list04.png Graphic file (type bmp)
 <Fig/tab2list04.png> [135]
File: Figmv/mvgaiyou01.png Graphic file (type bmp)

<Figmv/mvgaiyou01.png> [136]
Overfull \hbox (10.87451pt too wide) in paragraph at lines 3994--3995
[]\JY2/mc/m/n/10 次に ， \OT1/cmr/m/n/10 Tex-para\JY2/mc/m/n/10 ， \OT1/cmr
/m/n/10 Ex-ekc \JY2/mc/m/n/10 のボタンを順に押すことで ， フレ 
ームに分割した \OT1/cmr/m/n/10 Fhead+"parafigs.tex"
 []

[137]
File: Figmv/moviedata01.png Graphic file (type bmp)
 <Figmv/moviedata01.png> [138] [139]
File: Fig3d/3dstart.png Graphic file (type bmp)
 <Fig3d/3dstart.png>
File: Fig3d/3dscreen.png Graphic file (type bmp)

<Fig3d/3dscreen.png> [140] (./Fig3d/wirepara4.tex) [141]

LaTeX Warning: File `Cindytool/delete.png' not found on input line 4133.

File: Cindytool/delete.png Graphic file (type bmp)
<Cindytool/delete.png> [142] (./Fig3d/bezier3d1.tex) [143]
(./Fig3d/concatobj.tex) [144]
Overfull \hbox (43.27477pt too wide) in paragraph at lines 4218--4218
 []\JY2/gt/m/n/10 　 \OT1/cmtt/m/n/10 fd=["z=4-(x^2+y^2)","x=R*cos(T)","y=R*si
n(T)","R=[0,2]","T=[0,2*pi]","e"];[] 
 []

(./Fig3d/crvsfparadata1.tex) (./Fig3d/crvsfparadata2.tex) [145] [146]
Overfull \hbox (1.27513pt too wide) in paragraph at lines 4305--4305
 []\JY2/gt/m/n/10 　 \OT1/cmtt/m/n/10 Listplot("1",[[0,2],[-sqrt(3),-1],[sqrt(
3),-1],[0,2]],["nodisp"]);[] 
 []

[147] (./Fig3d/embed01.tex)
File: Fig3d/embed03.png Graphic file (type bmp)
 <Fig3d/embed03.png> [148]
Overfull \hbox (1.27513pt too wide) in paragraph at lines 4340--4340
 []\JY2/gt/m/n/10 　 \OT1/cmtt/m/n/10 Listplot("1",[[0,2],[-sqrt(3),-1],[sqrt(
3),-1],[0,2]],["nodisp"]);[] 
 []

(./Fig3d/embed02.tex) [149]
Overfull \hbox (32.12791pt too wide) in paragraph at lines 4357--4357
 []\OT1/cmtt/m/n/10 fd=["z=4-(x^2+y^2)","x=R*cos(T)","y=R*sin(T)","R=[0,2]","T=
[0,2*pi]","e"];[] 
 []

[150]
File: Fig3d/IntersectsgpL0.png Graphic file (type bmp)
 <Fig3d/IntersectsgpL0.png> (./Fig3d/IntersectsgpL1.tex)
(./Fig3d/IntersectsgpL2.tex) [151] (./Fig3d/invparapt.tex) [152]
(./Fig3d/nohiddenbyfaces1.tex) (./Fig3d/nohiddenbyfaces2.tex) [153] [154]
(./Fig3d/perpplane.tex) [155] (./Fig3d/perppt.tex) [156]
Overfull \hbox (17.025pt too wide) in paragraph at lines 4557--4557
 []\JY2/gt/m/n/10 　 \OT1/cmtt/m/n/10 Spacecurve("1","[2*cos(t),2*sin(t),0.2*t
]","t=[0,4*pi]",["Num=100"]);[] 
 []

(./Fig3d/partcrv3d1.tex)
Overfull \hbox (26.87796pt too wide) in paragraph at lines 4565--4565
 []\OT1/cmtt/m/n/10 Spacecurve("1","[2*cos(t),2*sin(t),0.2*t]","t=[0,4*pi]",["N
um=10","do"]);[] 
 []

(./Fig3d/partcrv3d2.tex) [157]
File: Fig3d/phparadata01.png Graphic file (type bmp)
 <Fig3d/phparadata01.png>
Overfull \hbox (29.24435pt too wide) in paragraph at lines 4582--4592
\JY2/mc/m/n/10 　 \OT1/cmr/m/n/10 Ver-texEdge-Face() \JY2/mc/m/n/10 の \OT1/c
mr/m/n/10 name \JY2/mc/m/n/10 は通常の \OT1/cmr/m/n/10 "1" \JY2/mc/m/n/10 
でもよい 。 その場合は ， []\OT1/cmtt/m/n/10 Phparadata("1","1");
 []

[158] (./Fig3d/phparadata02.tex) (./Fig3d/phparadata03.tex) [159] [160]
(./Fig3d/readobj.tex) [161] [162]
Overfull \hbox (32.77486pt too wide) in paragraph at lines 4724--4724
 []\JY2/gt/m/n/10 　 \OT1/cmtt/m/n/10 Putpoint3d(["A",[0,-2,0],"B",[2,-2,0],"C
",[1,-2,2],"D",[1,-2,3]],"fix");[] 
 []

(./Fig3d/rotatedata3d01.tex) (./Fig3d/rotatedata3d02.tex)
Overfull \hbox (15.8496pt too wide) in paragraph at lines 4729--4730
[]\JY2/mc/m/n/10 　[]　[] 
 []

(./Fig3d/saddle1.tex) (./Fig3d/parabola.tex) (./Fig3d/sf3ddata3.tex)
Overfull \hbox (40.58379pt too wide) in paragraph at lines 4734--4768
[]\JY2/mc/m/n/10 　　　[] \OT1/cmtt/m/n/10 fd=["z=4-(x^2+y^2)","x=R*cos(T)",
"y=R*sin(T)","R=[0,2]","T=[0,2*pi]"]; 
 []


Overfull \hbox (13.05339pt too wide) in paragraph at lines 4734--4768
[]\JY2/mc/m/n/10 　[]　　[] 
 []

[163] [164] (./Fig3d/sf3ddata4.tex) [165] (./Fig3d/sfbdpara01.tex)
(./Fig3d/sfbdpara02.tex)
Overfull \hbox (43.27477pt too wide) in paragraph at lines 4806--4806
 []\JY2/gt/m/n/10 　 \OT1/cmtt/m/n/10 fd=["z=4-(x^2+y^2)","x=R*cos(T)","y=R*si
n(T)","R=[0,2]","T=[0,2*pi]","e"];[] 
 []


Overfull \hbox (43.27477pt too wide) in paragraph at lines 4811--4811
 []\JY2/gt/m/n/10 　 \OT1/cmtt/m/n/10 fd=["z=4-(x^2+y^2)","x=R*cos(T)","y=R*si
n(T)","R=[0,2]","T=[0,2*pi]","e"];[] 
 []

(./Fig3d/sfbdpara03.tex) (./Fig3d/sfbdpara04.tex) [166]
Overfull \hbox (17.025pt too wide) in paragraph at lines 4831--4831
 []\JY2/gt/m/n/10 　 \OT1/cmtt/m/n/10 Spacecurve("1","[2*cos(t),2*sin(t),0.2*t
]","t=[0,4*pi]",["Num=100"]);[] 
 []

(./Fig3d/skeletonparadata01.tex) (./Fig3d/skeletonparadata02.tex)
(./Fig3d/skeletonparadata03.tex) (./Fig3d/rasen.tex)
Overfull \hbox (26.17941pt too wide) in paragraph at lines 4853--4859
[]\JY2/mc/m/n/10 　　[] \OT1/cmtt/m/n/10 Spacecurve("1","[2*cos(t),2*sin(t),0
.2*t]","t=[0,4*pi]",["Num=100"]); 
 []

[167] [168] (./Fig3d/translate01.tex) [169] (./Fig3d/vertex01.tex) [170]
Overfull \hbox (43.27477pt too wide) in paragraph at lines 4964--4964
 []\JY2/gt/m/n/10 　 \OT1/cmtt/m/n/10 fd=["z=4-(x^2+y^2)","x=r*cos(t)","y=r*si
n(t)","r=[0,2]","t=[0,2*pi]","e"];[] 
 []


Overfull \hbox (32.77486pt too wide) in paragraph at lines 4973--4973
 []\JY2/gt/m/n/10 　 \OT1/cmtt/m/n/10 fd=["p","x=2*sin(u)*cos(v)","y=2*sin(u)*
sin(v)","z=2*cos(u)","u=[0,pi]",[] 
 []

(./Fig3d/wirepara1.tex) (./Fig3d/wirepara2.tex) (./Fig3d/wirepara3.tex)
Overfull \hbox (12.37782pt too wide) in paragraph at lines 4974--4978
[][]\JY2/mc/m/n/10 　[]　[] 
 []

[171]
Overfull \hbox (32.77486pt too wide) in paragraph at lines 4984--4984
 []\JY2/gt/m/n/10 　 \OT1/cmtt/m/n/10 fd=["p","x=2*sin(u)*cos(v)","y=2*sin(u)*
sin(v)","z=2*cos(u)","u=[0,pi]",[] 
 []

(./Fig3d/wirepara4.tex) (./Fig3d/wirepara5.tex)
Overfull \hbox (6.84352pt too wide) in paragraph at lines 4992--4994
[]\JY2/mc/m/n/10 　　[]　　[] 
 []

[172]
Overfull \hbox (7.73857pt too wide) in paragraph at lines 5000--5013
[]\JY2/mc/m/n/10 　　　　[] \OT1/cmtt/m/n/10 Xyzax3data("","x=[-5,5]","y=[-
5,5]","z=[-5,5]",["a","Oe2n2"]); 
 []

[173]

LaTeX Warning: File `Cindytool/single-add.png' not found on input line 5044.

File: Cindytool/single-add.png Graphic file (type bmp)
<Cindytool/single-add.png>

LaTeX Warning: File `Cindytool/snap.png' not found on input line 5054.

File: Cindytool/snap.png Graphic file (type bmp)
<Cindytool/snap.png>
Overfull \hbox (13.27724pt too wide) in paragraph at lines 5061--5062
[]\JY2/mc/m/n/10 （ 方法２ ） では ， この点は固定点となる 
。 自由点とするには []\OT1/cmtt/m/n/10 Putpoint("A",[1,1],[A.x,A.y])
 []

[174] (./Fig/poiintable.tex) [175]

LaTeX Warning: File `Cindytool/intersection.png' not found on input line 5109.

File: Cindytool/intersection.png Graphic file (type bmp)
<Cindytool/intersection.png> [176]

LaTeX Warning: File `Cindytool/segment.png' not found on input line 5136.

File: Cindytool/segment.png Graphic file (type bmp)
<Cindytool/segment.png> [177] (./Gfig/oresenex01.tex) [178]

LaTeX Warning: File `Cindytool/multi-add-line.png' not found on input line 5197
.

File: Cindytool/multi-add-line.png Graphic file (type bmp)
<Cindytool/multi-add-line.png> [179]

LaTeX Warning: File `Cindytool/multi-add-perp.png' not found on input line 5247
.

File: Cindytool/multi-add-perp.png Graphic file (type bmp)
<Cindytool/multi-add-perp.png>

LaTeX Warning: File `Cindytool/multi-add-parallel.png' not found on input line 
5266.

File: Cindytool/multi-add-parallel.png Graphic file (type bmp)
<Cindytool/multi-add-parallel.png> [180]

LaTeX Warning: File `Cindytool/polygon.png' not found on input line 5284.

File: Cindytool/polygon.png Graphic file (type bmp)
<Cindytool/polygon.png> [181]

LaTeX Warning: File `Cindytool/polar-of-point.png' not found on input line 5327
.

File: Cindytool/polar-of-point.png Graphic file (type bmp)
<Cindytool/polar-of-point.png> [182]

LaTeX Warning: File `Cindytool/multi-add-circle.png' not found on input line 53
67.

File: Cindytool/multi-add-circle.png Graphic file (type bmp)
<Cindytool/multi-add-circle.png> [183]

LaTeX Warning: File `Cindytool/circle-by-radius.png' not found on input line 53
71.

File: Cindytool/circle-by-radius.png Graphic file (type bmp)
<Cindytool/circle-by-radius.png> [184]

LaTeX Warning: File `Cindytool/polygon.png' not found on input line 5396.

File: Cindytool/polygon.png Graphic file (type bmp)
<Cindytool/polygon.png> [185] [186]
Overfull \hbox (66.33931pt too wide) in paragraph at lines 5481--5482
[]\OT1/cmr/m/n/10 KeTCindy \JY2/mc/m/n/10 では ， \OT1/cmr/m/n/10 Plot-data(
) \JY2/mc/m/n/10 で媒介変数表示の式を与えるか ， \OT1/cmr/m/n/10
 Parabo-laplot(),Ellipsplot(),Hyperbolaplot()
 []

[187]

LaTeX Warning: File `Cindytool/angle-mark.png' not found on input line 5525.

File: Cindytool/angle-mark.png Graphic file (type bmp)
<Cindytool/angle-mark.png> [188]

LaTeX Warning: File `Cindytool/angle.png' not found on input line 5540.

File: Cindytool/angle.png Graphic file (type bmp)
<Cindytool/angle.png> [189] [190] [191] [192] [193] [194] [195] [196]
Package atveryend Info: Empty hook `BeforeClearDocument' on input line 5842.
 [197]
Package atveryend Info: Empty hook `AfterLastShipout' on input line 5842.

(./KeTCindyReferenceJ.aux)
Package atveryend Info: Empty hook `AtVeryEndDocument' on input line 5842.
Package atveryend Info: Empty hook `AtEndAfterFileList' on input line 5842.


LaTeX Font Warning: Size substitutions with differences
(Font)              up to 0.5pt have occurred.

Package atveryend Info: Empty hook `AtVeryVeryEnd' on input line 5842.
 ) 
Here is how much of TeX's memory you used:
 8258 strings out of 493649
 116842 string characters out of 6149068
 309177 words of memory out of 5000000
 10976 multiletter control sequences out of 15000+600000
 34084 words of font info for 123 fonts, out of 8000000 for 9000
 934 hyphenation exceptions out of 8191
 30i,14n,41p,833b,574s stack positions out of 5000i,500n,10000p,200000b,80000s

Output written on KeTCindyReferenceJ.dvi (197 pages, 1177276 bytes).
